[I 2023-12-29 22:10:43,121] Trial 89 finished with values: [22152.183165527345, 29292.594822843308] and parameters: {'batch_size': 50, 'drug_hidden': 32, 'protein_hidden': 64, 'dropout': 0.3, 'is_attention': False, 'lr': 0.001, 'epochs': 50}. 
[I 2023-12-29 23:37:59,769] Trial 90 finished with values: [21383.676183026077, 32975.547408454164] and parameters: {'batch_size': 10, 'drug_hidden': 16, 'protein_hidden': 16, 'dropout': 0.2, 'is_attention': False, 'lr': 0.01, 'epochs': 100}. 
[I 2023-12-30 00:23:34,952] Trial 91 finished with values: [20745.013015625, 27626.747304137323] and parameters: {'batch_size': 50, 'drug_hidden': 32, 'protein_hidden': 32, 'dropout': 0.2, 'is_attention': True, 'lr': 0.001, 'epochs': 50}. 
[I 2023-12-30 01:00:57,235] Trial 92 finished with values: [23043.172718128284, 29287.86296317947] and parameters: {'batch_size': 25, 'drug_hidden': 16, 'protein_hidden': 32, 'dropout': 0.2, 'is_attention': False, 'lr': 0.01, 'epochs': 50}. 
[I 2023-12-30 02:34:20,061] Trial 93 finished with values: [22832.861836095406, 31930.61598334878] and parameters: {'batch_size': 10, 'drug_hidden': 32, 'protein_hidden': 32, 'dropout': 0.1, 'is_attention': True, 'lr': 0.01, 'epochs': 100}. 
[I 2023-12-30 02:54:55,212] Trial 94 finished with values: [29287.05125606294, 32305.01542706678] and parameters: {'batch_size': 10, 'drug_hidden': 16, 'protein_hidden': 32, 'dropout': 0.2, 'is_attention': True, 'lr': 0.001, 'epochs': 10}. 
[I 2023-12-30 03:02:38,202] Trial 95 finished with values: [27125.841228515626, 30193.379057548416] and parameters: {'batch_size': 50, 'drug_hidden': 16, 'protein_hidden': 16, 'dropout': 0.2, 'is_attention': True, 'lr': 0.01, 'epochs': 10}. 
[I 2023-12-30 03:10:51,904] Trial 96 finished with values: [26877.96543002964, 30077.60323194047] and parameters: {'batch_size': 25, 'drug_hidden': 32, 'protein_hidden': 32, 'dropout': 0.1, 'is_attention': False, 'lr': 0.01, 'epochs': 10}. 
[I 2023-12-30 03:48:22,148] Trial 97 finished with values: [23918.893060907587, 31071.28339740592] and parameters: {'batch_size': 25, 'drug_hidden': 64, 'protein_hidden': 32, 'dropout': 0.1, 'is_attention': True, 'lr': 0.0001, 'epochs': 50}. 
[I 2023-12-30 04:59:51,632] Trial 98 finished with values: [21408.00997872873, 28168.095228168328] and parameters: {'batch_size': 25, 'drug_hidden': 64, 'protein_hidden': 32, 'dropout': 0.2, 'is_attention': False, 'lr': 0.01, 'epochs': 100}. 
[I 2023-12-30 07:21:00,898] Trial 99 finished with values: [24847.768123046873, 30555.446646676937] and parameters: {'batch_size': 50, 'drug_hidden': 32, 'protein_hidden': 16, 'dropout': 0.2, 'is_attention': False, 'lr': 0.001, 'epochs': 100}. 
[I 2023-12-30 09:50:34,645] Trial 100 finished with values: [20324.160151855467, 28159.747042803698] and parameters: {'batch_size': 50, 'drug_hidden': 32, 'protein_hidden': 64, 'dropout': 0.1, 'is_attention': False, 'lr': 0.01, 'epochs': 100}. 
[I 2023-12-30 10:26:05,012] Trial 101 finished with values: [25120.481627929687, 32260.486644476234] and parameters: {'batch_size': 50, 'drug_hidden': 32, 'protein_hidden': 64, 'dropout': 0.2, 'is_attention': True, 'lr': 0.0001, 'epochs': 50}. 
slurmstepd: error: *** JOB 78093432 ON aga19 CANCELLED AT 2023-12-30T11:46:29 DUE TO TIME LIMIT ***
