[I 2023-12-27 23:22:27,408] Trial 182 finished with values: [38762.00287705838, 42417.74357096354] and parameters: {'batch_size': 150, 'drug_hidden': 32, 'protein_hidden': 32, 'dropout': 0.2, 'is_attention': False, 'lr': 0.01, 'epochs': 100}. 
[I 2023-12-27 23:38:15,468] Trial 183 finished with values: [41745.96401337949, 45603.4619140625] and parameters: {'batch_size': 150, 'drug_hidden': 32, 'protein_hidden': 32, 'dropout': 0.1, 'is_attention': False, 'lr': 0.0001, 'epochs': 100}. 
[I 2023-12-28 00:01:21,177] Trial 184 finished with values: [38818.36241579341, 41998.111002604164] and parameters: {'batch_size': 150, 'drug_hidden': 16, 'protein_hidden': 64, 'dropout': 0.1, 'is_attention': True, 'lr': 0.01, 'epochs': 100}. 
[I 2023-12-28 00:19:21,470] Trial 185 finished with values: [39109.9252265625, 42048.17258029514] and parameters: {'batch_size': 100, 'drug_hidden': 64, 'protein_hidden': 64, 'dropout': 0.2, 'is_attention': False, 'lr': 0.01, 'epochs': 100}. 
[I 2023-12-28 00:35:29,890] Trial 186 finished with values: [38851.8421796875, 41480.38015407986] and parameters: {'batch_size': 100, 'drug_hidden': 64, 'protein_hidden': 32, 'dropout': 0.1, 'is_attention': False, 'lr': 0.0001, 'epochs': 100}. 
[I 2023-12-28 00:43:10,930] Trial 187 finished with values: [39657.35286068488, 43079.203776041664] and parameters: {'batch_size': 150, 'drug_hidden': 64, 'protein_hidden': 16, 'dropout': 0.2, 'is_attention': False, 'lr': 0.0001, 'epochs': 50}. 
[I 2023-12-28 00:51:43,898] Trial 188 finished with values: [40618.88641467066, 43979.316731770836] and parameters: {'batch_size': 150, 'drug_hidden': 32, 'protein_hidden': 64, 'dropout': 0.3, 'is_attention': False, 'lr': 0.001, 'epochs': 50}. 
[I 2023-12-28 01:07:13,698] Trial 189 finished with values: [44867.70230632485, 49286.70458984375] and parameters: {'batch_size': 150, 'drug_hidden': 16, 'protein_hidden': 32, 'dropout': 0.1, 'is_attention': False, 'lr': 0.001, 'epochs': 100}. 
[I 2023-12-28 01:22:41,154] Trial 190 finished with values: [44812.07534150449, 49258.003580729164] and parameters: {'batch_size': 150, 'drug_hidden': 16, 'protein_hidden': 32, 'dropout': 0.2, 'is_attention': False, 'lr': 0.001, 'epochs': 100}. 
[I 2023-12-28 01:31:37,902] Trial 191 finished with values: [40194.76574707031, 43822.19129621479] and parameters: {'batch_size': 50, 'drug_hidden': 64, 'protein_hidden': 32, 'dropout': 0.2, 'is_attention': False, 'lr': 0.01, 'epochs': 50}. 
[I 2023-12-28 01:50:21,973] Trial 192 finished with values: [39012.450130859375, 42578.38017165493] and parameters: {'batch_size': 50, 'drug_hidden': 32, 'protein_hidden': 64, 'dropout': 0.3, 'is_attention': False, 'lr': 0.01, 'epochs': 100}. 
[I 2023-12-28 02:08:05,691] Trial 193 finished with values: [38637.013734375, 41388.721788194445] and parameters: {'batch_size': 100, 'drug_hidden': 32, 'protein_hidden': 64, 'dropout': 0.3, 'is_attention': False, 'lr': 0.0001, 'epochs': 100}. 
[I 2023-12-28 02:25:03,008] Trial 194 finished with values: [39086.968282185626, 42598.799153645836] and parameters: {'batch_size': 150, 'drug_hidden': 64, 'protein_hidden': 64, 'dropout': 0.1, 'is_attention': False, 'lr': 0.001, 'epochs': 100}. 
[I 2023-12-28 02:47:23,072] Trial 195 finished with values: [39288.566955931885, 42654.67618815104] and parameters: {'batch_size': 150, 'drug_hidden': 32, 'protein_hidden': 64, 'dropout': 0.3, 'is_attention': False, 'lr': 0.001, 'epochs': 100}. 
[I 2023-12-28 03:07:11,538] Trial 196 finished with values: [39698.43378515625, 42952.56756161972] and parameters: {'batch_size': 50, 'drug_hidden': 64, 'protein_hidden': 64, 'dropout': 0.1, 'is_attention': True, 'lr': 0.001, 'epochs': 100}. 
[I 2023-12-28 03:25:14,471] Trial 197 finished with values: [38706.0077540232, 42216.2744140625] and parameters: {'batch_size': 150, 'drug_hidden': 64, 'protein_hidden': 16, 'dropout': 0.3, 'is_attention': False, 'lr': 0.001, 'epochs': 100}. 
[I 2023-12-28 03:41:45,170] Trial 198 finished with values: [38803.05102685255, 41870.69295247396] and parameters: {'batch_size': 150, 'drug_hidden': 32, 'protein_hidden': 64, 'dropout': 0.1, 'is_attention': False, 'lr': 0.01, 'epochs': 100}. 
[I 2023-12-28 03:50:19,644] Trial 199 finished with values: [39906.9567154753, 43279.64412434896] and parameters: {'batch_size': 150, 'drug_hidden': 64, 'protein_hidden': 64, 'dropout': 0.3, 'is_attention': True, 'lr': 0.001, 'epochs': 50}. 
[I 2023-12-28 03:58:12,563] Trial 200 finished with values: [39825.17275, 43045.75265842014] and parameters: {'batch_size': 100, 'drug_hidden': 64, 'protein_hidden': 16, 'dropout': 0.1, 'is_attention': False, 'lr': 0.01, 'epochs': 50}. 
[I 2023-12-28 04:06:17,284] Trial 201 finished with values: [39975.44123081961, 42919.387451171875] and parameters: {'batch_size': 150, 'drug_hidden': 64, 'protein_hidden': 32, 'dropout': 0.1, 'is_attention': False, 'lr': 0.01, 'epochs': 50}. 
[I 2023-12-28 04:23:17,662] Trial 202 finished with values: [39041.2747578125, 41833.640625] and parameters: {'batch_size': 100, 'drug_hidden': 64, 'protein_hidden': 64, 'dropout': 0.2, 'is_attention': False, 'lr': 0.001, 'epochs': 100}. 
[I 2023-12-28 04:40:52,527] Trial 203 finished with values: [38505.388734375, 41550.954427083336] and parameters: {'batch_size': 100, 'drug_hidden': 64, 'protein_hidden': 64, 'dropout': 0.1, 'is_attention': True, 'lr': 0.001, 'epochs': 100}. 
[I 2023-12-28 04:55:56,539] Trial 204 finished with values: [38150.887981848806, 41785.834228515625] and parameters: {'batch_size': 150, 'drug_hidden': 64, 'protein_hidden': 16, 'dropout': 0.3, 'is_attention': False, 'lr': 0.0001, 'epochs': 100}. 
[I 2023-12-28 05:11:17,539] Trial 205 finished with values: [38842.7738984375, 41458.546875] and parameters: {'batch_size': 100, 'drug_hidden': 64, 'protein_hidden': 32, 'dropout': 0.1, 'is_attention': False, 'lr': 0.0001, 'epochs': 100}. 
[I 2023-12-28 05:25:51,366] Trial 206 finished with values: [38736.74217580464, 41502.57478841146] and parameters: {'batch_size': 150, 'drug_hidden': 64, 'protein_hidden': 16, 'dropout': 0.3, 'is_attention': True, 'lr': 0.0001, 'epochs': 100}. 
[I 2023-12-28 05:34:01,966] Trial 207 finished with values: [40098.94647034057, 43472.991861979164] and parameters: {'batch_size': 150, 'drug_hidden': 64, 'protein_hidden': 64, 'dropout': 0.1, 'is_attention': False, 'lr': 0.01, 'epochs': 50}. 
[I 2023-12-28 05:51:32,238] Trial 208 finished with values: [38970.147022361525, 41855.013020833336] and parameters: {'batch_size': 150, 'drug_hidden': 64, 'protein_hidden': 64, 'dropout': 0.1, 'is_attention': True, 'lr': 0.001, 'epochs': 100}. 
[I 2023-12-28 06:08:32,020] Trial 209 finished with values: [39253.05393899701, 42836.876627604164] and parameters: {'batch_size': 150, 'drug_hidden': 32, 'protein_hidden': 16, 'dropout': 0.3, 'is_attention': False, 'lr': 0.01, 'epochs': 100}. 
[I 2023-12-28 06:24:25,873] Trial 210 finished with values: [44878.15522080838, 49330.573893229164] and parameters: {'batch_size': 150, 'drug_hidden': 16, 'protein_hidden': 64, 'dropout': 0.3, 'is_attention': True, 'lr': 0.01, 'epochs': 100}. 
[I 2023-12-28 06:38:32,992] Trial 211 finished with values: [42081.60955043039, 45984.688802083336] and parameters: {'batch_size': 150, 'drug_hidden': 16, 'protein_hidden': 16, 'dropout': 0.3, 'is_attention': True, 'lr': 0.0001, 'epochs': 100}. 
[I 2023-12-28 06:52:30,931] Trial 212 finished with values: [38942.23570827096, 41929.849934895836] and parameters: {'batch_size': 150, 'drug_hidden': 64, 'protein_hidden': 16, 'dropout': 0.3, 'is_attention': False, 'lr': 0.001, 'epochs': 100}. 
[I 2023-12-28 06:54:12,545] Trial 213 finished with values: [45214.12634496632, 49023.90714518229] and parameters: {'batch_size': 150, 'drug_hidden': 32, 'protein_hidden': 16, 'dropout': 0.2, 'is_attention': False, 'lr': 0.0001, 'epochs': 10}. 
[I 2023-12-28 07:02:35,862] Trial 214 finished with values: [39669.9202890625, 42510.76421440972] and parameters: {'batch_size': 100, 'drug_hidden': 64, 'protein_hidden': 64, 'dropout': 0.2, 'is_attention': True, 'lr': 0.001, 'epochs': 50}. 
[I 2023-12-28 07:17:02,629] Trial 215 finished with values: [38881.39324476048, 41904.371907552086] and parameters: {'batch_size': 150, 'drug_hidden': 32, 'protein_hidden': 16, 'dropout': 0.2, 'is_attention': True, 'lr': 0.001, 'epochs': 100}. 
[I 2023-12-28 07:33:39,156] Trial 216 finished with values: [38348.66385198353, 42540.33536783854] and parameters: {'batch_size': 150, 'drug_hidden': 64, 'protein_hidden': 64, 'dropout': 0.1, 'is_attention': True, 'lr': 0.01, 'epochs': 100}. 
[I 2023-12-28 07:52:08,973] Trial 217 finished with values: [41722.815926740266, 45637.291341145836] and parameters: {'batch_size': 150, 'drug_hidden': 16, 'protein_hidden': 64, 'dropout': 0.1, 'is_attention': False, 'lr': 0.01, 'epochs': 100}. 
[I 2023-12-28 08:07:03,169] Trial 218 finished with values: [37926.58170377994, 42130.08544921875] and parameters: {'batch_size': 150, 'drug_hidden': 64, 'protein_hidden': 32, 'dropout': 0.3, 'is_attention': False, 'lr': 0.01, 'epochs': 100}. 
[I 2023-12-28 08:24:53,965] Trial 219 finished with values: [39548.5950625, 43020.69605523768] and parameters: {'batch_size': 50, 'drug_hidden': 64, 'protein_hidden': 64, 'dropout': 0.1, 'is_attention': False, 'lr': 0.01, 'epochs': 100}. 
[I 2023-12-28 08:33:21,957] Trial 220 finished with values: [39707.48742748877, 43652.28230794271] and parameters: {'batch_size': 150, 'drug_hidden': 64, 'protein_hidden': 64, 'dropout': 0.1, 'is_attention': True, 'lr': 0.001, 'epochs': 50}. 
[I 2023-12-28 08:53:24,528] Trial 221 finished with values: [38072.91996865644, 42623.868977864586] and parameters: {'batch_size': 150, 'drug_hidden': 64, 'protein_hidden': 64, 'dropout': 0.1, 'is_attention': False, 'lr': 0.01, 'epochs': 100}. 
[I 2023-12-28 09:08:44,962] Trial 222 finished with values: [38863.36388940868, 41790.277994791664] and parameters: {'batch_size': 150, 'drug_hidden': 64, 'protein_hidden': 32, 'dropout': 0.2, 'is_attention': False, 'lr': 0.01, 'epochs': 100}. 
[I 2023-12-28 09:23:27,870] Trial 223 finished with values: [38479.82537659057, 43096.936360677086] and parameters: {'batch_size': 150, 'drug_hidden': 64, 'protein_hidden': 32, 'dropout': 0.1, 'is_attention': False, 'lr': 0.01, 'epochs': 100}. 
[I 2023-12-28 09:38:21,765] Trial 224 finished with values: [39254.45984375, 41976.097059461805] and parameters: {'batch_size': 100, 'drug_hidden': 32, 'protein_hidden': 16, 'dropout': 0.3, 'is_attention': True, 'lr': 0.01, 'epochs': 100}. 
[I 2023-12-28 09:53:00,733] Trial 225 finished with values: [39402.950657279194, 42955.151041666664] and parameters: {'batch_size': 150, 'drug_hidden': 64, 'protein_hidden': 32, 'dropout': 0.2, 'is_attention': True, 'lr': 0.01, 'epochs': 100}. 
[I 2023-12-28 10:07:05,137] Trial 226 finished with values: [39266.70142917291, 42331.370442708336] and parameters: {'batch_size': 150, 'drug_hidden': 32, 'protein_hidden': 16, 'dropout': 0.3, 'is_attention': False, 'lr': 0.01, 'epochs': 100}. 
[I 2023-12-28 10:22:58,489] Trial 227 finished with values: [39537.394823633986, 42774.921630859375] and parameters: {'batch_size': 150, 'drug_hidden': 64, 'protein_hidden': 64, 'dropout': 0.3, 'is_attention': True, 'lr': 0.001, 'epochs': 100}. 
[I 2023-12-28 10:32:31,620] Trial 228 finished with values: [45764.533472118266, 49956.891764322914] and parameters: {'batch_size': 150, 'drug_hidden': 32, 'protein_hidden': 32, 'dropout': 0.2, 'is_attention': True, 'lr': 0.0001, 'epochs': 50}. 
[I 2023-12-28 10:48:19,748] Trial 229 finished with values: [39392.77466551273, 43062.31534830729] and parameters: {'batch_size': 150, 'drug_hidden': 64, 'protein_hidden': 64, 'dropout': 0.3, 'is_attention': True, 'lr': 0.01, 'epochs': 100}. 
[I 2023-12-28 11:05:47,994] Trial 230 finished with values: [39690.622296875, 43147.12742077465] and parameters: {'batch_size': 50, 'drug_hidden': 64, 'protein_hidden': 64, 'dropout': 0.2, 'is_attention': False, 'lr': 0.01, 'epochs': 100}. 
[I 2023-12-28 11:20:19,567] Trial 231 finished with values: [38612.622359375, 41218.37033420139] and parameters: {'batch_size': 100, 'drug_hidden': 64, 'protein_hidden': 16, 'dropout': 0.3, 'is_attention': False, 'lr': 0.001, 'epochs': 100}. 
[I 2023-12-28 11:41:46,564] Trial 232 finished with values: [39798.42243945313, 43399.559556558095] and parameters: {'batch_size': 50, 'drug_hidden': 64, 'protein_hidden': 32, 'dropout': 0.2, 'is_attention': True, 'lr': 0.01, 'epochs': 100}. 
[I 2023-12-28 11:56:53,104] Trial 233 finished with values: [45047.88150261976, 49318.499267578125] and parameters: {'batch_size': 150, 'drug_hidden': 16, 'protein_hidden': 32, 'dropout': 0.1, 'is_attention': False, 'lr': 0.01, 'epochs': 100}. 
[I 2023-12-28 12:13:29,574] Trial 234 finished with values: [38631.858953967065, 43996.227213541664] and parameters: {'batch_size': 150, 'drug_hidden': 64, 'protein_hidden': 64, 'dropout': 0.1, 'is_attention': False, 'lr': 0.0001, 'epochs': 100}. 
[I 2023-12-28 12:21:28,847] Trial 235 finished with values: [44952.713734375, 49129.11420355903] and parameters: {'batch_size': 100, 'drug_hidden': 16, 'protein_hidden': 32, 'dropout': 0.3, 'is_attention': True, 'lr': 0.01, 'epochs': 50}. 
[I 2023-12-28 12:23:27,262] Trial 236 finished with values: [45479.6603515625, 49339.49093967014] and parameters: {'batch_size': 100, 'drug_hidden': 32, 'protein_hidden': 64, 'dropout': 0.2, 'is_attention': False, 'lr': 0.01, 'epochs': 10}. 
[I 2023-12-28 12:39:49,182] Trial 237 finished with values: [37998.64926787051, 42109.200927734375] and parameters: {'batch_size': 150, 'drug_hidden': 64, 'protein_hidden': 64, 'dropout': 0.1, 'is_attention': True, 'lr': 0.01, 'epochs': 100}. 
[I 2023-12-28 12:58:07,074] Trial 238 finished with values: [39516.369158203124, 43395.320257482395] and parameters: {'batch_size': 50, 'drug_hidden': 32, 'protein_hidden': 64, 'dropout': 0.1, 'is_attention': False, 'lr': 0.01, 'epochs': 100}. 
[I 2023-12-28 13:13:53,372] Trial 239 finished with values: [39238.812219311374, 42733.811360677086] and parameters: {'batch_size': 150, 'drug_hidden': 32, 'protein_hidden': 16, 'dropout': 0.1, 'is_attention': False, 'lr': 0.0001, 'epochs': 100}. 
[I 2023-12-28 13:32:18,510] Trial 240 finished with values: [41585.97686657934, 45672.045654296875] and parameters: {'batch_size': 150, 'drug_hidden': 16, 'protein_hidden': 64, 'dropout': 0.2, 'is_attention': True, 'lr': 0.01, 'epochs': 100}. 
[I 2023-12-28 13:48:00,120] Trial 241 finished with values: [38855.718640625, 41528.015516493055] and parameters: {'batch_size': 100, 'drug_hidden': 32, 'protein_hidden': 16, 'dropout': 0.2, 'is_attention': True, 'lr': 0.01, 'epochs': 100}. 
[I 2023-12-28 14:05:08,790] Trial 242 finished with values: [39358.8353828125, 42441.65017361111] and parameters: {'batch_size': 100, 'drug_hidden': 32, 'protein_hidden': 64, 'dropout': 0.3, 'is_attention': False, 'lr': 0.001, 'epochs': 100}. 
[I 2023-12-28 14:25:01,235] Trial 243 finished with values: [39016.032653443115, 42180.682373046875] and parameters: {'batch_size': 150, 'drug_hidden': 32, 'protein_hidden': 32, 'dropout': 0.2, 'is_attention': False, 'lr': 0.001, 'epochs': 100}. 
[I 2023-12-28 14:27:23,508] Trial 244 finished with values: [45698.77374157934, 49748.780598958336] and parameters: {'batch_size': 150, 'drug_hidden': 16, 'protein_hidden': 64, 'dropout': 0.1, 'is_attention': True, 'lr': 0.01, 'epochs': 10}. 
[I 2023-12-28 14:43:43,224] Trial 245 finished with values: [39197.991895116014, 42782.7158203125] and parameters: {'batch_size': 150, 'drug_hidden': 32, 'protein_hidden': 64, 'dropout': 0.1, 'is_attention': False, 'lr': 0.01, 'epochs': 100}. 
[I 2023-12-28 14:51:58,920] Trial 246 finished with values: [39729.2584921875, 42875.017415364586] and parameters: {'batch_size': 100, 'drug_hidden': 32, 'protein_hidden': 32, 'dropout': 0.1, 'is_attention': False, 'lr': 0.0001, 'epochs': 50}. 
[I 2023-12-28 15:10:21,410] Trial 247 finished with values: [39316.10979785156, 42463.30543023768] and parameters: {'batch_size': 50, 'drug_hidden': 64, 'protein_hidden': 64, 'dropout': 0.3, 'is_attention': False, 'lr': 0.001, 'epochs': 100}. 
[I 2023-12-28 15:25:48,379] Trial 248 finished with values: [38765.078826721554, 41818.14461263021] and parameters: {'batch_size': 150, 'drug_hidden': 64, 'protein_hidden': 32, 'dropout': 0.3, 'is_attention': False, 'lr': 0.01, 'epochs': 100}. 
[I 2023-12-28 15:41:04,731] Trial 249 finished with values: [38714.79805623129, 42314.50349934896] and parameters: {'batch_size': 150, 'drug_hidden': 64, 'protein_hidden': 16, 'dropout': 0.1, 'is_attention': True, 'lr': 0.001, 'epochs': 100}. 
[I 2023-12-28 16:06:12,783] Trial 250 finished with values: [38349.47143993263, 41959.73331705729] and parameters: {'batch_size': 150, 'drug_hidden': 64, 'protein_hidden': 64, 'dropout': 0.1, 'is_attention': False, 'lr': 0.0001, 'epochs': 100}. 
[I 2023-12-28 16:21:46,047] Trial 251 finished with values: [38842.96614193488, 42200.26863606771] and parameters: {'batch_size': 150, 'drug_hidden': 64, 'protein_hidden': 32, 'dropout': 0.2, 'is_attention': False, 'lr': 0.01, 'epochs': 100}. 
[I 2023-12-28 16:38:10,716] Trial 252 finished with values: [39092.5513125, 41595.252821180555] and parameters: {'batch_size': 100, 'drug_hidden': 64, 'protein_hidden': 32, 'dropout': 0.3, 'is_attention': True, 'lr': 0.01, 'epochs': 100}. 
[I 2023-12-28 16:53:43,054] Trial 253 finished with values: [38598.8766484375, 41506.43381076389] and parameters: {'batch_size': 100, 'drug_hidden': 64, 'protein_hidden': 16, 'dropout': 0.2, 'is_attention': False, 'lr': 0.01, 'epochs': 100}. 
[I 2023-12-28 17:09:04,138] Trial 254 finished with values: [39991.6251328125, 42791.049479166664] and parameters: {'batch_size': 100, 'drug_hidden': 64, 'protein_hidden': 32, 'dropout': 0.3, 'is_attention': False, 'lr': 0.0001, 'epochs': 50}. 
[I 2023-12-28 17:26:22,958] Trial 255 finished with values: [39106.746078125, 41964.545301649305] and parameters: {'batch_size': 100, 'drug_hidden': 64, 'protein_hidden': 64, 'dropout': 0.3, 'is_attention': False, 'lr': 0.001, 'epochs': 100}. 
[I 2023-12-28 17:41:47,427] Trial 256 finished with values: [39071.83233532934, 42242.747314453125] and parameters: {'batch_size': 150, 'drug_hidden': 32, 'protein_hidden': 16, 'dropout': 0.1, 'is_attention': True, 'lr': 0.01, 'epochs': 100}. 
[I 2023-12-28 17:50:09,727] Trial 257 finished with values: [39604.822827002245, 44564.263020833336] and parameters: {'batch_size': 150, 'drug_hidden': 64, 'protein_hidden': 64, 'dropout': 0.1, 'is_attention': False, 'lr': 0.01, 'epochs': 50}. 
[I 2023-12-28 18:05:32,206] Trial 258 finished with values: [38930.82506081587, 41917.656005859375] and parameters: {'batch_size': 150, 'drug_hidden': 64, 'protein_hidden': 32, 'dropout': 0.3, 'is_attention': True, 'lr': 0.01, 'epochs': 100}. 
[I 2023-12-28 18:20:36,296] Trial 259 finished with values: [39083.54099223428, 42287.34326171875] and parameters: {'batch_size': 150, 'drug_hidden': 16, 'protein_hidden': 16, 'dropout': 0.1, 'is_attention': False, 'lr': 0.0001, 'epochs': 100}. 
[I 2023-12-28 18:36:33,152] Trial 260 finished with values: [38892.75321875, 41733.42263454861] and parameters: {'batch_size': 100, 'drug_hidden': 64, 'protein_hidden': 32, 'dropout': 0.2, 'is_attention': False, 'lr': 0.01, 'epochs': 100}. 
[I 2023-12-28 18:55:35,560] Trial 261 finished with values: [39466.434997193115, 42539.93660481771] and parameters: {'batch_size': 150, 'drug_hidden': 64, 'protein_hidden': 16, 'dropout': 0.1, 'is_attention': False, 'lr': 0.0001, 'epochs': 100}. 
[I 2023-12-28 18:57:43,222] Trial 262 finished with values: [44693.54259375, 48174.37348090278] and parameters: {'batch_size': 100, 'drug_hidden': 32, 'protein_hidden': 64, 'dropout': 0.3, 'is_attention': False, 'lr': 0.0001, 'epochs': 10}. 
[I 2023-12-28 19:14:38,779] Trial 263 finished with values: [39437.34698961452, 43064.111328125] and parameters: {'batch_size': 150, 'drug_hidden': 32, 'protein_hidden': 64, 'dropout': 0.1, 'is_attention': True, 'lr': 0.01, 'epochs': 100}. 
[I 2023-12-28 19:32:02,009] Trial 264 finished with values: [39158.31419582709, 42400.905598958336] and parameters: {'batch_size': 150, 'drug_hidden': 64, 'protein_hidden': 64, 'dropout': 0.1, 'is_attention': False, 'lr': 0.001, 'epochs': 100}. 
[I 2023-12-28 19:48:10,081] Trial 265 finished with values: [39297.1419140625, 42322.57839626736] and parameters: {'batch_size': 100, 'drug_hidden': 64, 'protein_hidden': 32, 'dropout': 0.1, 'is_attention': True, 'lr': 0.01, 'epochs': 100}. 
[I 2023-12-28 20:07:34,845] Trial 266 finished with values: [39125.6395546875, 41909.86745876736] and parameters: {'batch_size': 100, 'drug_hidden': 64, 'protein_hidden': 64, 'dropout': 0.1, 'is_attention': False, 'lr': 0.0001, 'epochs': 100}. 
[I 2023-12-28 20:24:42,307] Trial 267 finished with values: [38865.771004865266, 42114.377278645836] and parameters: {'batch_size': 150, 'drug_hidden': 64, 'protein_hidden': 64, 'dropout': 0.1, 'is_attention': False, 'lr': 0.01, 'epochs': 100}. 
[I 2023-12-28 20:40:39,813] Trial 268 finished with values: [39223.9991111527, 43066.09480794271] and parameters: {'batch_size': 150, 'drug_hidden': 64, 'protein_hidden': 32, 'dropout': 0.1, 'is_attention': False, 'lr': 0.0001, 'epochs': 100}. 
[I 2023-12-28 20:55:40,136] Trial 269 finished with values: [39140.48421126497, 42690.835123697914] and parameters: {'batch_size': 150, 'drug_hidden': 32, 'protein_hidden': 16, 'dropout': 0.3, 'is_attention': True, 'lr': 0.01, 'epochs': 100}. 
[I 2023-12-28 21:10:39,175] Trial 270 finished with values: [38092.009309505986, 42865.45890299479] and parameters: {'batch_size': 150, 'drug_hidden': 64, 'protein_hidden': 16, 'dropout': 0.3, 'is_attention': True, 'lr': 0.0001, 'epochs': 100}. 
[I 2023-12-28 21:25:36,611] Trial 271 finished with values: [38171.6660741018, 42523.247802734375] and parameters: {'batch_size': 150, 'drug_hidden': 64, 'protein_hidden': 16, 'dropout': 0.3, 'is_attention': False, 'lr': 0.001, 'epochs': 100}. 
