[I 2023-12-29 21:15:35,182] Trial 362 finished with values: [39064.10631081587, 42546.70450846354] and parameters: {'batch_size': 150, 'drug_hidden': 32, 'protein_hidden': 16, 'dropout': 0.2, 'is_attention': False, 'lr': 0.01, 'epochs': 100}. 
[I 2023-12-29 21:32:18,553] Trial 363 finished with values: [38390.53786957335, 41888.546061197914] and parameters: {'batch_size': 150, 'drug_hidden': 64, 'protein_hidden': 16, 'dropout': 0.2, 'is_attention': False, 'lr': 0.001, 'epochs': 100}. 
[I 2023-12-29 21:50:40,287] Trial 364 finished with values: [38790.63952563623, 41990.208251953125] and parameters: {'batch_size': 150, 'drug_hidden': 64, 'protein_hidden': 16, 'dropout': 0.3, 'is_attention': True, 'lr': 0.01, 'epochs': 100}. 
[I 2023-12-29 22:06:56,901] Trial 365 finished with values: [38851.5354375, 41414.34868706597] and parameters: {'batch_size': 100, 'drug_hidden': 64, 'protein_hidden': 32, 'dropout': 0.3, 'is_attention': False, 'lr': 0.001, 'epochs': 100}. 
[I 2023-12-29 22:26:27,909] Trial 366 finished with values: [39321.44314257812, 42468.93048525528] and parameters: {'batch_size': 50, 'drug_hidden': 64, 'protein_hidden': 32, 'dropout': 0.2, 'is_attention': False, 'lr': 0.01, 'epochs': 100}. 
[I 2023-12-29 22:41:26,672] Trial 367 finished with values: [39259.258210142216, 42836.27156575521] and parameters: {'batch_size': 150, 'drug_hidden': 32, 'protein_hidden': 16, 'dropout': 0.2, 'is_attention': False, 'lr': 0.01, 'epochs': 100}. 
[I 2023-12-29 22:58:44,675] Trial 368 finished with values: [39369.645359375, 42140.230848524305] and parameters: {'batch_size': 100, 'drug_hidden': 64, 'protein_hidden': 64, 'dropout': 0.1, 'is_attention': False, 'lr': 0.01, 'epochs': 100}. 
[I 2023-12-29 23:16:30,042] Trial 369 finished with values: [38886.713265625, 41460.87017144097] and parameters: {'batch_size': 100, 'drug_hidden': 64, 'protein_hidden': 16, 'dropout': 0.1, 'is_attention': False, 'lr': 0.001, 'epochs': 100}. 
[I 2023-12-29 23:37:26,779] Trial 370 finished with values: [38921.95882063997, 41832.9365234375] and parameters: {'batch_size': 150, 'drug_hidden': 64, 'protein_hidden': 64, 'dropout': 0.1, 'is_attention': False, 'lr': 0.01, 'epochs': 100}. 
[I 2023-12-29 23:57:00,284] Trial 371 finished with values: [38760.8406484375, 41277.79692925347] and parameters: {'batch_size': 100, 'drug_hidden': 64, 'protein_hidden': 16, 'dropout': 0.3, 'is_attention': False, 'lr': 0.0001, 'epochs': 100}. 
[I 2023-12-30 00:16:58,187] Trial 372 finished with values: [38853.1698125, 41632.91476779514] and parameters: {'batch_size': 100, 'drug_hidden': 64, 'protein_hidden': 16, 'dropout': 0.3, 'is_attention': False, 'lr': 0.001, 'epochs': 100}. 
[I 2023-12-30 00:33:14,965] Trial 373 finished with values: [39162.51954294536, 42699.512939453125] and parameters: {'batch_size': 150, 'drug_hidden': 64, 'protein_hidden': 32, 'dropout': 0.3, 'is_attention': False, 'lr': 0.01, 'epochs': 100}. 
[I 2023-12-30 00:49:04,101] Trial 374 finished with values: [38539.49534524701, 43138.100911458336] and parameters: {'batch_size': 150, 'drug_hidden': 64, 'protein_hidden': 32, 'dropout': 0.1, 'is_attention': False, 'lr': 0.01, 'epochs': 100}. 
[I 2023-12-30 01:06:02,619] Trial 375 finished with values: [38099.729954154194, 42883.63972981771] and parameters: {'batch_size': 150, 'drug_hidden': 64, 'protein_hidden': 64, 'dropout': 0.2, 'is_attention': False, 'lr': 0.01, 'epochs': 100}. 
[I 2023-12-30 01:21:13,514] Trial 376 finished with values: [38437.49866672904, 43011.430908203125] and parameters: {'batch_size': 150, 'drug_hidden': 64, 'protein_hidden': 16, 'dropout': 0.1, 'is_attention': False, 'lr': 0.01, 'epochs': 100}. 
[I 2023-12-30 01:36:54,735] Trial 377 finished with values: [38519.48360310629, 42500.112955729164] and parameters: {'batch_size': 150, 'drug_hidden': 64, 'protein_hidden': 32, 'dropout': 0.2, 'is_attention': False, 'lr': 0.01, 'epochs': 100}. 
[I 2023-12-30 01:52:03,900] Trial 378 finished with values: [38911.29162378368, 41804.33585611979] and parameters: {'batch_size': 150, 'drug_hidden': 64, 'protein_hidden': 16, 'dropout': 0.1, 'is_attention': False, 'lr': 0.01, 'epochs': 100}. 
[I 2023-12-30 02:09:06,975] Trial 379 finished with values: [39053.389233252245, 42187.03572591146] and parameters: {'batch_size': 150, 'drug_hidden': 64, 'protein_hidden': 64, 'dropout': 0.2, 'is_attention': False, 'lr': 0.001, 'epochs': 100}. 
[I 2023-12-30 02:18:43,694] Trial 380 finished with values: [39929.31523671407, 42983.335205078125] and parameters: {'batch_size': 150, 'drug_hidden': 64, 'protein_hidden': 64, 'dropout': 0.1, 'is_attention': True, 'lr': 0.0001, 'epochs': 50}. 
[I 2023-12-30 02:29:34,365] Trial 381 finished with values: [40003.9511953125, 42999.03542751736] and parameters: {'batch_size': 100, 'drug_hidden': 64, 'protein_hidden': 32, 'dropout': 0.3, 'is_attention': True, 'lr': 0.001, 'epochs': 50}. 
[I 2023-12-30 02:31:37,350] Trial 382 finished with values: [44397.49128695734, 48067.35001627604] and parameters: {'batch_size': 150, 'drug_hidden': 64, 'protein_hidden': 64, 'dropout': 0.1, 'is_attention': False, 'lr': 0.01, 'epochs': 10}. 
[I 2023-12-30 02:33:29,257] Trial 383 finished with values: [44952.71942833084, 48846.273193359375] and parameters: {'batch_size': 150, 'drug_hidden': 64, 'protein_hidden': 16, 'dropout': 0.3, 'is_attention': False, 'lr': 0.001, 'epochs': 10}. 
[I 2023-12-30 02:50:24,423] Trial 384 finished with values: [38418.226948446856, 42981.95841471354] and parameters: {'batch_size': 150, 'drug_hidden': 64, 'protein_hidden': 64, 'dropout': 0.3, 'is_attention': False, 'lr': 0.0001, 'epochs': 100}. 
[I 2023-12-30 03:11:27,875] Trial 385 finished with values: [39892.82217578125, 43513.990812059856] and parameters: {'batch_size': 50, 'drug_hidden': 64, 'protein_hidden': 32, 'dropout': 0.2, 'is_attention': False, 'lr': 0.01, 'epochs': 100}. 
[I 2023-12-30 03:16:09,024] Trial 386 finished with values: [44973.93455276946, 48917.7734375] and parameters: {'batch_size': 150, 'drug_hidden': 64, 'protein_hidden': 64, 'dropout': 0.3, 'is_attention': True, 'lr': 0.001, 'epochs': 10}. 
[I 2023-12-30 03:31:39,289] Trial 387 finished with values: [38990.636133982036, 41871.31453450521] and parameters: {'batch_size': 150, 'drug_hidden': 64, 'protein_hidden': 16, 'dropout': 0.3, 'is_attention': True, 'lr': 0.01, 'epochs': 100}. 
[I 2023-12-30 03:48:03,182] Trial 388 finished with values: [38831.06140063623, 42273.356119791664] and parameters: {'batch_size': 150, 'drug_hidden': 64, 'protein_hidden': 16, 'dropout': 0.3, 'is_attention': False, 'lr': 0.01, 'epochs': 100}. 
[I 2023-12-30 04:04:17,921] Trial 389 finished with values: [38943.913109375, 41423.76123046875] and parameters: {'batch_size': 100, 'drug_hidden': 64, 'protein_hidden': 16, 'dropout': 0.1, 'is_attention': False, 'lr': 0.01, 'epochs': 100}. 
[I 2023-12-30 04:21:57,795] Trial 390 finished with values: [39055.24226936752, 43897.87068684896] and parameters: {'batch_size': 150, 'drug_hidden': 64, 'protein_hidden': 64, 'dropout': 0.1, 'is_attention': False, 'lr': 0.0001, 'epochs': 100}. 
[I 2023-12-30 04:39:58,077] Trial 391 finished with values: [38972.44886788922, 41974.182454427086] and parameters: {'batch_size': 150, 'drug_hidden': 64, 'protein_hidden': 64, 'dropout': 0.1, 'is_attention': False, 'lr': 0.01, 'epochs': 100}. 
[I 2023-12-30 04:56:54,941] Trial 392 finished with values: [38202.377643151194, 42650.50244140625] and parameters: {'batch_size': 150, 'drug_hidden': 64, 'protein_hidden': 64, 'dropout': 0.1, 'is_attention': False, 'lr': 0.01, 'epochs': 100}. 
[I 2023-12-30 05:12:40,159] Trial 393 finished with values: [38653.1122754491, 43001.4248046875] and parameters: {'batch_size': 150, 'drug_hidden': 64, 'protein_hidden': 32, 'dropout': 0.3, 'is_attention': False, 'lr': 0.0001, 'epochs': 100}. 
[I 2023-12-30 05:30:17,657] Trial 394 finished with values: [38190.544500842065, 42665.92976888021] and parameters: {'batch_size': 150, 'drug_hidden': 64, 'protein_hidden': 64, 'dropout': 0.3, 'is_attention': True, 'lr': 0.001, 'epochs': 100}. 
[I 2023-12-30 05:47:14,853] Trial 395 finished with values: [39464.94609608907, 43006.95499674479] and parameters: {'batch_size': 150, 'drug_hidden': 64, 'protein_hidden': 64, 'dropout': 0.1, 'is_attention': False, 'lr': 0.0001, 'epochs': 100}. 
[I 2023-12-30 06:08:59,165] Trial 396 finished with values: [39616.32143359375, 43010.419591769365] and parameters: {'batch_size': 50, 'drug_hidden': 32, 'protein_hidden': 64, 'dropout': 0.1, 'is_attention': False, 'lr': 0.01, 'epochs': 100}. 
[I 2023-12-30 06:27:26,389] Trial 397 finished with values: [39185.282640625, 41738.928819444445] and parameters: {'batch_size': 100, 'drug_hidden': 64, 'protein_hidden': 16, 'dropout': 0.1, 'is_attention': False, 'lr': 0.01, 'epochs': 100}. 
[I 2023-12-30 06:45:15,355] Trial 398 finished with values: [38521.82342346557, 41431.914388020836] and parameters: {'batch_size': 150, 'drug_hidden': 64, 'protein_hidden': 64, 'dropout': 0.3, 'is_attention': True, 'lr': 0.001, 'epochs': 100}. 
[I 2023-12-30 07:01:28,387] Trial 399 finished with values: [38876.2551015625, 41714.53683810764] and parameters: {'batch_size': 100, 'drug_hidden': 64, 'protein_hidden': 32, 'dropout': 0.2, 'is_attention': False, 'lr': 0.001, 'epochs': 100}. 
[I 2023-12-30 07:18:20,735] Trial 400 finished with values: [38099.806909618266, 42619.089518229164] and parameters: {'batch_size': 150, 'drug_hidden': 64, 'protein_hidden': 64, 'dropout': 0.2, 'is_attention': False, 'lr': 0.01, 'epochs': 100}. 
[I 2023-12-30 07:36:23,361] Trial 401 finished with values: [38489.477796875, 41313.829698350695] and parameters: {'batch_size': 100, 'drug_hidden': 64, 'protein_hidden': 64, 'dropout': 0.2, 'is_attention': True, 'lr': 0.001, 'epochs': 100}. 
[I 2023-12-30 07:45:15,631] Trial 402 finished with values: [39914.7187890625, 42846.09662543403] and parameters: {'batch_size': 100, 'drug_hidden': 64, 'protein_hidden': 64, 'dropout': 0.1, 'is_attention': False, 'lr': 0.001, 'epochs': 50}. 
[I 2023-12-30 08:00:36,618] Trial 403 finished with values: [38266.185815868266, 42347.676106770836] and parameters: {'batch_size': 150, 'drug_hidden': 64, 'protein_hidden': 32, 'dropout': 0.3, 'is_attention': False, 'lr': 0.01, 'epochs': 100}. 
[I 2023-12-30 08:03:10,842] Trial 404 finished with values: [44896.11265625, 48435.797526041664] and parameters: {'batch_size': 100, 'drug_hidden': 64, 'protein_hidden': 32, 'dropout': 0.2, 'is_attention': False, 'lr': 0.01, 'epochs': 10}. 
[I 2023-12-30 08:18:02,576] Trial 405 finished with values: [39231.90563014596, 42449.984212239586] and parameters: {'batch_size': 150, 'drug_hidden': 64, 'protein_hidden': 16, 'dropout': 0.1, 'is_attention': True, 'lr': 0.01, 'epochs': 100}. 
[I 2023-12-30 08:32:51,477] Trial 406 finished with values: [39561.301319236525, 42824.12353515625] and parameters: {'batch_size': 150, 'drug_hidden': 64, 'protein_hidden': 16, 'dropout': 0.3, 'is_attention': False, 'lr': 0.0001, 'epochs': 100}. 
[I 2023-12-30 08:53:18,245] Trial 407 finished with values: [38995.36375, 41726.742296006945] and parameters: {'batch_size': 100, 'drug_hidden': 64, 'protein_hidden': 64, 'dropout': 0.3, 'is_attention': False, 'lr': 0.01, 'epochs': 100}. 
[I 2023-12-30 09:11:30,508] Trial 408 finished with values: [38594.34935207709, 43190.79597981771] and parameters: {'batch_size': 150, 'drug_hidden': 64, 'protein_hidden': 32, 'dropout': 0.3, 'is_attention': True, 'lr': 0.01, 'epochs': 100}. 
[I 2023-12-30 09:29:59,583] Trial 409 finished with values: [38982.1575078125, 41674.37575954861] and parameters: {'batch_size': 100, 'drug_hidden': 64, 'protein_hidden': 64, 'dropout': 0.2, 'is_attention': False, 'lr': 0.001, 'epochs': 100}. 
[I 2023-12-30 09:47:34,541] Trial 410 finished with values: [38989.2564140625, 41574.58940972222] and parameters: {'batch_size': 100, 'drug_hidden': 64, 'protein_hidden': 64, 'dropout': 0.3, 'is_attention': False, 'lr': 0.0001, 'epochs': 100}. 
[I 2023-12-30 10:03:33,991] Trial 411 finished with values: [39429.3607734375, 42077.27121310764] and parameters: {'batch_size': 100, 'drug_hidden': 64, 'protein_hidden': 32, 'dropout': 0.3, 'is_attention': True, 'lr': 0.01, 'epochs': 100}. 
[I 2023-12-30 10:19:18,241] Trial 412 finished with values: [39207.08503695734, 42721.934814453125] and parameters: {'batch_size': 150, 'drug_hidden': 64, 'protein_hidden': 16, 'dropout': 0.2, 'is_attention': False, 'lr': 0.01, 'epochs': 100}. 
[I 2023-12-30 10:34:10,375] Trial 413 finished with values: [39218.23259730539, 42011.2841796875] and parameters: {'batch_size': 150, 'drug_hidden': 64, 'protein_hidden': 16, 'dropout': 0.1, 'is_attention': True, 'lr': 0.01, 'epochs': 100}. 
[I 2023-12-30 10:50:43,104] Trial 414 finished with values: [38906.57417196856, 42505.990478515625] and parameters: {'batch_size': 150, 'drug_hidden': 64, 'protein_hidden': 64, 'dropout': 0.1, 'is_attention': False, 'lr': 0.001, 'epochs': 100}. 
[I 2023-12-30 10:53:18,867] Trial 415 finished with values: [44674.2806328125, 48708.764539930555] and parameters: {'batch_size': 100, 'drug_hidden': 64, 'protein_hidden': 32, 'dropout': 0.1, 'is_attention': True, 'lr': 0.001, 'epochs': 10}. 
[I 2023-12-30 11:08:37,267] Trial 416 finished with values: [38981.786840381734, 42069.159993489586] and parameters: {'batch_size': 150, 'drug_hidden': 64, 'protein_hidden': 32, 'dropout': 0.3, 'is_attention': False, 'lr': 0.001, 'epochs': 100}. 
[I 2023-12-30 11:24:08,895] Trial 417 finished with values: [39315.1441875, 42427.117078993055] and parameters: {'batch_size': 100, 'drug_hidden': 16, 'protein_hidden': 16, 'dropout': 0.1, 'is_attention': True, 'lr': 0.001, 'epochs': 100}. 
[I 2023-12-30 11:42:16,646] Trial 418 finished with values: [39192.1800234375, 42050.857096354164] and parameters: {'batch_size': 100, 'drug_hidden': 64, 'protein_hidden': 16, 'dropout': 0.1, 'is_attention': True, 'lr': 0.0001, 'epochs': 100}. 
[I 2023-12-30 11:59:59,271] Trial 419 finished with values: [38920.49794161677, 41868.566731770836] and parameters: {'batch_size': 150, 'drug_hidden': 64, 'protein_hidden': 16, 'dropout': 0.3, 'is_attention': False, 'lr': 0.001, 'epochs': 100}. 
[I 2023-12-30 12:16:15,541] Trial 420 finished with values: [40184.678424401194, 43978.329752604164] and parameters: {'batch_size': 150, 'drug_hidden': 64, 'protein_hidden': 16, 'dropout': 0.3, 'is_attention': False, 'lr': 0.01, 'epochs': 100}. 
[I 2023-12-30 12:35:38,139] Trial 421 finished with values: [39007.5062336265, 43823.718994140625] and parameters: {'batch_size': 150, 'drug_hidden': 64, 'protein_hidden': 64, 'dropout': 0.3, 'is_attention': False, 'lr': 0.0001, 'epochs': 100}. 
[I 2023-12-30 12:54:19,213] Trial 422 finished with values: [39055.18278125, 41842.093912760414] and parameters: {'batch_size': 100, 'drug_hidden': 64, 'protein_hidden': 32, 'dropout': 0.2, 'is_attention': False, 'lr': 0.01, 'epochs': 100}. 
[I 2023-12-30 13:11:40,905] Trial 423 finished with values: [40612.32531811377, 46100.086751302086] and parameters: {'batch_size': 150, 'drug_hidden': 16, 'protein_hidden': 64, 'dropout': 0.1, 'is_attention': False, 'lr': 0.01, 'epochs': 100}. 
[I 2023-12-30 13:14:09,843] Trial 424 finished with values: [45265.09459206587, 49429.338216145836] and parameters: {'batch_size': 150, 'drug_hidden': 64, 'protein_hidden': 32, 'dropout': 0.2, 'is_attention': True, 'lr': 0.001, 'epochs': 10}. 
[I 2023-12-30 13:29:15,124] Trial 425 finished with values: [39049.4140040232, 42567.404541015625] and parameters: {'batch_size': 150, 'drug_hidden': 64, 'protein_hidden': 16, 'dropout': 0.3, 'is_attention': False, 'lr': 0.001, 'epochs': 100}. 
[I 2023-12-30 13:45:49,875] Trial 426 finished with values: [39061.18283355165, 42078.112548828125] and parameters: {'batch_size': 150, 'drug_hidden': 64, 'protein_hidden': 16, 'dropout': 0.1, 'is_attention': True, 'lr': 0.01, 'epochs': 100}. 
[I 2023-12-30 13:54:38,422] Trial 427 finished with values: [39811.681640625, 43351.317708333336] and parameters: {'batch_size': 150, 'drug_hidden': 32, 'protein_hidden': 64, 'dropout': 0.2, 'is_attention': True, 'lr': 0.01, 'epochs': 50}. 
slurmstepd: error: *** JOB 78094463 ON aga23 CANCELLED AT 2023-12-30T14:01:24 DUE TO TIME LIMIT ***
