[I 2023-12-29 19:38:44,225] Trial 273 finished with values: [37452.9458984375, 40579.37619357639] and parameters: {'batch_size': 100, 'drug_hidden': 32, 'protein_hidden': 32, 'dropout': 0.1, 'is_attention': False, 'lr': 0.01, 'epochs': 100}. 
[I 2023-12-29 20:01:52,471] Trial 274 finished with values: [38138.01818628368, 41461.696044921875] and parameters: {'batch_size': 150, 'drug_hidden': 16, 'protein_hidden': 32, 'dropout': 0.2, 'is_attention': False, 'lr': 0.01, 'epochs': 100}. 
[I 2023-12-29 20:23:12,820] Trial 275 finished with values: [38374.88089446108, 41599.411865234375] and parameters: {'batch_size': 150, 'drug_hidden': 16, 'protein_hidden': 16, 'dropout': 0.2, 'is_attention': True, 'lr': 0.01, 'epochs': 100}. 
[I 2023-12-29 20:49:22,935] Trial 276 finished with values: [38013.54666448353, 40164.179850260414] and parameters: {'batch_size': 150, 'drug_hidden': 16, 'protein_hidden': 64, 'dropout': 0.2, 'is_attention': False, 'lr': 0.001, 'epochs': 100}. 
[I 2023-12-29 21:04:22,708] Trial 277 finished with values: [38062.7529004491, 41597.772623697914] and parameters: {'batch_size': 150, 'drug_hidden': 64, 'protein_hidden': 32, 'dropout': 0.2, 'is_attention': True, 'lr': 0.01, 'epochs': 50}. 
[I 2023-12-29 21:26:05,235] Trial 278 finished with values: [37881.46353125, 40911.586100260414] and parameters: {'batch_size': 100, 'drug_hidden': 64, 'protein_hidden': 16, 'dropout': 0.2, 'is_attention': False, 'lr': 0.001, 'epochs': 100}. 
[I 2023-12-29 21:52:13,327] Trial 279 finished with values: [39428.595972118266, 43224.18546549479] and parameters: {'batch_size': 150, 'drug_hidden': 16, 'protein_hidden': 64, 'dropout': 0.2, 'is_attention': False, 'lr': 0.01, 'epochs': 100}. 
[I 2023-12-29 22:19:30,400] Trial 280 finished with values: [37400.699815213324, 40634.7392578125] and parameters: {'batch_size': 150, 'drug_hidden': 16, 'protein_hidden': 32, 'dropout': 0.2, 'is_attention': True, 'lr': 0.01, 'epochs': 100}. 
[I 2023-12-29 22:45:27,779] Trial 281 finished with values: [37388.016104509734, 40663.78409830729] and parameters: {'batch_size': 150, 'drug_hidden': 16, 'protein_hidden': 16, 'dropout': 0.2, 'is_attention': False, 'lr': 0.001, 'epochs': 100}. 
[I 2023-12-29 22:48:22,249] Trial 282 finished with values: [38382.90265625, 42542.021647135414] and parameters: {'batch_size': 100, 'drug_hidden': 64, 'protein_hidden': 32, 'dropout': 0.2, 'is_attention': True, 'lr': 0.01, 'epochs': 10}. 
[I 2023-12-29 23:00:20,024] Trial 283 finished with values: [39190.41908203125, 42839.47092013889] and parameters: {'batch_size': 100, 'drug_hidden': 32, 'protein_hidden': 32, 'dropout': 0.2, 'is_attention': True, 'lr': 0.01, 'epochs': 50}. 
[I 2023-12-29 23:21:29,198] Trial 284 finished with values: [37584.28392823727, 40783.16495768229] and parameters: {'batch_size': 150, 'drug_hidden': 64, 'protein_hidden': 16, 'dropout': 0.2, 'is_attention': False, 'lr': 0.001, 'epochs': 100}. 
[I 2023-12-29 23:43:12,526] Trial 285 finished with values: [39017.20959375, 42472.533582899305] and parameters: {'batch_size': 100, 'drug_hidden': 16, 'protein_hidden': 16, 'dropout': 0.1, 'is_attention': False, 'lr': 0.01, 'epochs': 100}. 
[I 2023-12-29 23:57:46,888] Trial 286 finished with values: [37921.36428125, 41145.03244357639] and parameters: {'batch_size': 100, 'drug_hidden': 32, 'protein_hidden': 32, 'dropout': 0.1, 'is_attention': True, 'lr': 0.0001, 'epochs': 50}. 
[I 2023-12-30 00:19:34,041] Trial 287 finished with values: [38223.14659375, 41215.959852430555] and parameters: {'batch_size': 100, 'drug_hidden': 16, 'protein_hidden': 16, 'dropout': 0.2, 'is_attention': False, 'lr': 0.01, 'epochs': 100}. 
[I 2023-12-30 00:43:01,853] Trial 288 finished with values: [38001.31546875, 41073.238878038195] and parameters: {'batch_size': 100, 'drug_hidden': 16, 'protein_hidden': 32, 'dropout': 0.2, 'is_attention': False, 'lr': 0.0001, 'epochs': 100}. 
[I 2023-12-30 01:06:11,107] Trial 289 finished with values: [39256.84946903069, 42682.312174479164] and parameters: {'batch_size': 150, 'drug_hidden': 16, 'protein_hidden': 16, 'dropout': 0.2, 'is_attention': False, 'lr': 0.01, 'epochs': 100}. 
[I 2023-12-30 01:36:21,745] Trial 290 finished with values: [37997.986109375, 41241.02728949653] and parameters: {'batch_size': 100, 'drug_hidden': 64, 'protein_hidden': 64, 'dropout': 0.2, 'is_attention': False, 'lr': 0.001, 'epochs': 100}. 
[I 2023-12-30 01:57:32,320] Trial 291 finished with values: [37185.102275916914, 40678.69295247396] and parameters: {'batch_size': 150, 'drug_hidden': 16, 'protein_hidden': 16, 'dropout': 0.3, 'is_attention': False, 'lr': 0.01, 'epochs': 100}. 
[I 2023-12-30 02:21:19,612] Trial 292 finished with values: [36403.47011328125, 39351.43136935764] and parameters: {'batch_size': 100, 'drug_hidden': 16, 'protein_hidden': 32, 'dropout': 0.2, 'is_attention': False, 'lr': 0.001, 'epochs': 100}. 
[I 2023-12-30 02:48:20,097] Trial 293 finished with values: [37092.1122734375, 40098.00173611111] and parameters: {'batch_size': 100, 'drug_hidden': 32, 'protein_hidden': 32, 'dropout': 0.1, 'is_attention': False, 'lr': 0.01, 'epochs': 100}. 
[I 2023-12-30 03:12:05,017] Trial 294 finished with values: [38746.50457288548, 48259.944661458336] and parameters: {'batch_size': 150, 'drug_hidden': 32, 'protein_hidden': 16, 'dropout': 0.2, 'is_attention': True, 'lr': 0.01, 'epochs': 100}. 
[I 2023-12-30 03:34:27,526] Trial 295 finished with values: [36883.70373315868, 40209.8603515625] and parameters: {'batch_size': 150, 'drug_hidden': 32, 'protein_hidden': 16, 'dropout': 0.2, 'is_attention': False, 'lr': 0.01, 'epochs': 100}. 
[I 2023-12-30 03:57:44,646] Trial 296 finished with values: [37371.426319236525, 40540.64599609375] and parameters: {'batch_size': 150, 'drug_hidden': 64, 'protein_hidden': 32, 'dropout': 0.2, 'is_attention': False, 'lr': 0.01, 'epochs': 100}. 
[I 2023-12-30 04:24:23,557] Trial 297 finished with values: [38700.33977357784, 42260.16560872396] and parameters: {'batch_size': 150, 'drug_hidden': 16, 'protein_hidden': 16, 'dropout': 0.2, 'is_attention': False, 'lr': 0.0001, 'epochs': 100}. 
[I 2023-12-30 04:51:45,128] Trial 298 finished with values: [38820.0684140625, 42291.074617627644] and parameters: {'batch_size': 50, 'drug_hidden': 32, 'protein_hidden': 32, 'dropout': 0.2, 'is_attention': False, 'lr': 0.001, 'epochs': 100}. 
[I 2023-12-30 05:15:47,837] Trial 299 finished with values: [40141.26006640625, 43766.706591109156] and parameters: {'batch_size': 50, 'drug_hidden': 64, 'protein_hidden': 16, 'dropout': 0.1, 'is_attention': False, 'lr': 0.01, 'epochs': 100}. 
[I 2023-12-30 05:39:33,660] Trial 300 finished with values: [38343.4000234375, 41983.98777233715] and parameters: {'batch_size': 50, 'drug_hidden': 32, 'protein_hidden': 16, 'dropout': 0.1, 'is_attention': False, 'lr': 0.01, 'epochs': 100}. 
[I 2023-12-30 05:52:28,128] Trial 301 finished with values: [38445.54390820312, 42059.322526958626] and parameters: {'batch_size': 50, 'drug_hidden': 64, 'protein_hidden': 32, 'dropout': 0.2, 'is_attention': False, 'lr': 0.001, 'epochs': 50}. 
[I 2023-12-30 06:19:30,055] Trial 302 finished with values: [38734.68449429266, 44074.998779296875] and parameters: {'batch_size': 150, 'drug_hidden': 16, 'protein_hidden': 64, 'dropout': 0.1, 'is_attention': True, 'lr': 0.0001, 'epochs': 100}. 
[I 2023-12-30 06:40:44,369] Trial 303 finished with values: [37417.54668787425, 40442.003662109375] and parameters: {'batch_size': 150, 'drug_hidden': 64, 'protein_hidden': 16, 'dropout': 0.2, 'is_attention': False, 'lr': 0.01, 'epochs': 100}. 
[I 2023-12-30 07:07:37,431] Trial 304 finished with values: [37918.1840078125, 40977.746961805555] and parameters: {'batch_size': 100, 'drug_hidden': 32, 'protein_hidden': 16, 'dropout': 0.1, 'is_attention': False, 'lr': 0.0001, 'epochs': 100}. 
[I 2023-12-30 07:20:56,333] Trial 305 finished with values: [37510.1106953125, 40551.739149305555] and parameters: {'batch_size': 100, 'drug_hidden': 32, 'protein_hidden': 16, 'dropout': 0.2, 'is_attention': True, 'lr': 0.01, 'epochs': 50}. 
[I 2023-12-30 07:44:25,307] Trial 306 finished with values: [38104.0306171875, 41679.38943142361] and parameters: {'batch_size': 100, 'drug_hidden': 16, 'protein_hidden': 32, 'dropout': 0.2, 'is_attention': True, 'lr': 0.01, 'epochs': 100}. 
[I 2023-12-30 08:06:09,616] Trial 307 finished with values: [39322.37883984375, 43755.62185329861] and parameters: {'batch_size': 100, 'drug_hidden': 32, 'protein_hidden': 16, 'dropout': 0.2, 'is_attention': True, 'lr': 0.01, 'epochs': 100}. 
[I 2023-12-30 08:31:20,580] Trial 308 finished with values: [40167.61462890625, 44238.155122139084] and parameters: {'batch_size': 50, 'drug_hidden': 16, 'protein_hidden': 32, 'dropout': 0.2, 'is_attention': False, 'lr': 0.01, 'epochs': 100}. 
[I 2023-12-30 08:42:56,981] Trial 309 finished with values: [37764.192669348806, 40902.866943359375] and parameters: {'batch_size': 150, 'drug_hidden': 16, 'protein_hidden': 32, 'dropout': 0.2, 'is_attention': True, 'lr': 0.01, 'epochs': 50}. 
[I 2023-12-30 09:13:19,723] Trial 310 finished with values: [38346.20280273438, 41182.886526188384] and parameters: {'batch_size': 50, 'drug_hidden': 32, 'protein_hidden': 64, 'dropout': 0.1, 'is_attention': True, 'lr': 0.01, 'epochs': 100}. 
[I 2023-12-30 09:39:29,079] Trial 311 finished with values: [38553.131268712576, 42727.621907552086] and parameters: {'batch_size': 150, 'drug_hidden': 16, 'protein_hidden': 64, 'dropout': 0.3, 'is_attention': False, 'lr': 0.001, 'epochs': 100}. 
[I 2023-12-30 10:06:23,683] Trial 312 finished with values: [40466.8249921875, 44023.35015190972] and parameters: {'batch_size': 100, 'drug_hidden': 64, 'protein_hidden': 16, 'dropout': 0.2, 'is_attention': False, 'lr': 0.01, 'epochs': 100}. 
[I 2023-12-30 10:33:20,554] Trial 313 finished with values: [38649.14911523437, 42024.7402618838] and parameters: {'batch_size': 50, 'drug_hidden': 32, 'protein_hidden': 32, 'dropout': 0.2, 'is_attention': False, 'lr': 0.01, 'epochs': 100}. 
[I 2023-12-30 10:45:14,133] Trial 314 finished with values: [37991.5779765625, 41021.41802300347] and parameters: {'batch_size': 100, 'drug_hidden': 16, 'protein_hidden': 32, 'dropout': 0.2, 'is_attention': False, 'lr': 0.001, 'epochs': 50}. 
[I 2023-12-30 11:08:40,348] Trial 315 finished with values: [38007.89621875, 41169.190321180555] and parameters: {'batch_size': 100, 'drug_hidden': 32, 'protein_hidden': 32, 'dropout': 0.2, 'is_attention': False, 'lr': 0.01, 'epochs': 100}. 
[I 2023-12-30 11:30:32,026] Trial 316 finished with values: [39126.3571953125, 43024.831868489586] and parameters: {'batch_size': 100, 'drug_hidden': 16, 'protein_hidden': 16, 'dropout': 0.3, 'is_attention': True, 'lr': 0.01, 'epochs': 100}. 
[I 2023-12-30 11:57:54,450] Trial 317 finished with values: [38371.410682541165, 41500.52286783854] and parameters: {'batch_size': 150, 'drug_hidden': 16, 'protein_hidden': 64, 'dropout': 0.1, 'is_attention': False, 'lr': 0.01, 'epochs': 100}. 
[I 2023-12-30 12:21:53,922] Trial 318 finished with values: [38497.85999485404, 41825.443603515625] and parameters: {'batch_size': 150, 'drug_hidden': 64, 'protein_hidden': 16, 'dropout': 0.1, 'is_attention': False, 'lr': 0.001, 'epochs': 100}. 
[I 2023-12-30 12:48:31,332] Trial 319 finished with values: [39763.4026640625, 43260.90483940972] and parameters: {'batch_size': 100, 'drug_hidden': 16, 'protein_hidden': 16, 'dropout': 0.2, 'is_attention': False, 'lr': 0.01, 'epochs': 100}. 
[I 2023-12-30 13:13:20,423] Trial 320 finished with values: [37973.858135291914, 40615.96280924479] and parameters: {'batch_size': 150, 'drug_hidden': 32, 'protein_hidden': 32, 'dropout': 0.2, 'is_attention': False, 'lr': 0.01, 'epochs': 100}. 
[I 2023-12-30 13:25:09,024] Trial 321 finished with values: [37102.39363070734, 40155.435302734375] and parameters: {'batch_size': 150, 'drug_hidden': 16, 'protein_hidden': 32, 'dropout': 0.2, 'is_attention': False, 'lr': 0.001, 'epochs': 50}. 
[I 2023-12-30 13:38:05,651] Trial 322 finished with values: [41866.841515625, 44142.81300891285] and parameters: {'batch_size': 50, 'drug_hidden': 64, 'protein_hidden': 32, 'dropout': 0.3, 'is_attention': False, 'lr': 0.01, 'epochs': 50}. 
slurmstepd: error: *** JOB 78094464 ON aga28 CANCELLED AT 2023-12-30T14:01:24 DUE TO TIME LIMIT ***
