[I 2023-12-30 07:21:17,184] Trial 272 finished with values: [36996.34778489895, 40352.861165364586] and parameters: {'batch_size': 150, 'drug_hidden': 16, 'protein_hidden': 64, 'dropout': 0.3, 'is_attention': True, 'lr': 0.001, 'epochs': 100}. 
[I 2023-12-30 07:42:43,372] Trial 273 finished with values: [37246.60921126497, 41454.201416015625] and parameters: {'batch_size': 150, 'drug_hidden': 32, 'protein_hidden': 16, 'dropout': 0.1, 'is_attention': False, 'lr': 0.0001, 'epochs': 100}. 
[I 2023-12-30 07:53:25,436] Trial 274 finished with values: [36779.877456025446, 40198.780517578125] and parameters: {'batch_size': 150, 'drug_hidden': 16, 'protein_hidden': 16, 'dropout': 0.3, 'is_attention': False, 'lr': 0.0001, 'epochs': 50}. 
[I 2023-12-30 08:18:56,881] Trial 275 finished with values: [35755.11558523578, 39297.830403645836] and parameters: {'batch_size': 150, 'drug_hidden': 32, 'protein_hidden': 64, 'dropout': 0.1, 'is_attention': True, 'lr': 0.01, 'epochs': 100}. 
[I 2023-12-30 08:43:47,972] Trial 276 finished with values: [35639.826515625, 39213.726453993055] and parameters: {'batch_size': 100, 'drug_hidden': 64, 'protein_hidden': 32, 'dropout': 0.3, 'is_attention': False, 'lr': 0.001, 'epochs': 100}. 
[I 2023-12-30 09:05:42,143] Trial 277 finished with values: [36004.50104088698, 40182.09383138021] and parameters: {'batch_size': 150, 'drug_hidden': 64, 'protein_hidden': 32, 'dropout': 0.2, 'is_attention': True, 'lr': 0.001, 'epochs': 100}. 
[I 2023-12-30 09:32:01,311] Trial 278 finished with values: [35082.99301787051, 38572.41984049479] and parameters: {'batch_size': 150, 'drug_hidden': 32, 'protein_hidden': 64, 'dropout': 0.2, 'is_attention': True, 'lr': 0.0001, 'epochs': 100}. 
[I 2023-12-30 09:58:32,939] Trial 279 finished with values: [36746.13762109375, 40283.88469685299] and parameters: {'batch_size': 50, 'drug_hidden': 64, 'protein_hidden': 32, 'dropout': 0.3, 'is_attention': True, 'lr': 0.0001, 'epochs': 100}. 
[I 2023-12-30 10:24:17,845] Trial 280 finished with values: [36961.08179734281, 40227.312744140625] and parameters: {'batch_size': 150, 'drug_hidden': 64, 'protein_hidden': 64, 'dropout': 0.2, 'is_attention': True, 'lr': 0.001, 'epochs': 100}. 
[I 2023-12-30 10:51:35,302] Trial 281 finished with values: [35768.36515250748, 39132.28116861979] and parameters: {'batch_size': 150, 'drug_hidden': 64, 'protein_hidden': 64, 'dropout': 0.1, 'is_attention': False, 'lr': 0.0001, 'epochs': 100}. 
[I 2023-12-30 11:17:07,344] Trial 282 finished with values: [37523.445031811374, 41048.47420247396] and parameters: {'batch_size': 150, 'drug_hidden': 16, 'protein_hidden': 64, 'dropout': 0.2, 'is_attention': False, 'lr': 0.001, 'epochs': 100}. 
[I 2023-12-30 11:32:32,811] Trial 283 finished with values: [36639.98472586078, 40134.085205078125] and parameters: {'batch_size': 150, 'drug_hidden': 64, 'protein_hidden': 64, 'dropout': 0.1, 'is_attention': False, 'lr': 0.001, 'epochs': 50}. 
[I 2023-12-30 11:58:49,463] Trial 284 finished with values: [35675.6513984375, 38784.982259114586] and parameters: {'batch_size': 100, 'drug_hidden': 16, 'protein_hidden': 64, 'dropout': 0.1, 'is_attention': False, 'lr': 0.001, 'epochs': 100}. 
[I 2023-12-30 12:14:10,121] Trial 285 finished with values: [37037.538912109376, 40482.76153994278] and parameters: {'batch_size': 50, 'drug_hidden': 32, 'protein_hidden': 64, 'dropout': 0.1, 'is_attention': True, 'lr': 0.001, 'epochs': 50}. 
[I 2023-12-30 12:40:43,339] Trial 286 finished with values: [37337.54165625, 41063.712239583336] and parameters: {'batch_size': 100, 'drug_hidden': 32, 'protein_hidden': 16, 'dropout': 0.1, 'is_attention': False, 'lr': 0.01, 'epochs': 100}. 
[I 2023-12-30 13:03:57,413] Trial 287 finished with values: [35733.31828920284, 39281.507080078125] and parameters: {'batch_size': 150, 'drug_hidden': 64, 'protein_hidden': 32, 'dropout': 0.1, 'is_attention': True, 'lr': 0.001, 'epochs': 100}. 
[I 2023-12-30 13:24:49,704] Trial 288 finished with values: [36734.25036255614, 39812.38972981771] and parameters: {'batch_size': 150, 'drug_hidden': 64, 'protein_hidden': 16, 'dropout': 0.3, 'is_attention': False, 'lr': 0.001, 'epochs': 100}. 
[I 2023-12-30 13:51:02,102] Trial 289 finished with values: [36462.97396613024, 40258.36238606771] and parameters: {'batch_size': 150, 'drug_hidden': 16, 'protein_hidden': 64, 'dropout': 0.2, 'is_attention': True, 'lr': 0.0001, 'epochs': 100}. 
slurmstepd: error: *** JOB 78094462 ON aga21 CANCELLED AT 2023-12-30T14:01:24 DUE TO TIME LIMIT ***
