[I 2023-12-27 14:18:45,197] Trial 92 finished with values: [36940.80541015625, 39486.75045389525] and parameters: {'batch_size': 50, 'drug_hidden': 16, 'protein_hidden': 32, 'dropout': 0.3, 'is_attention': False, 'lr': 0.001, 'epochs': 50}. 
[I 2023-12-27 14:39:06,812] Trial 93 finished with values: [36046.05737743263, 39065.083251953125] and parameters: {'batch_size': 150, 'drug_hidden': 64, 'protein_hidden': 16, 'dropout': 0.3, 'is_attention': True, 'lr': 0.01, 'epochs': 100}. 
[I 2023-12-27 15:03:18,779] Trial 94 finished with values: [36369.87051757812, 40217.110159000884] and parameters: {'batch_size': 50, 'drug_hidden': 32, 'protein_hidden': 32, 'dropout': 0.1, 'is_attention': True, 'lr': 0.01, 'epochs': 100}. 
[I 2023-12-27 15:06:12,270] Trial 95 finished with values: [38352.597118263475, 41720.869954427086] and parameters: {'batch_size': 150, 'drug_hidden': 32, 'protein_hidden': 64, 'dropout': 0.2, 'is_attention': True, 'lr': 0.01, 'epochs': 10}. 
[I 2023-12-27 15:26:38,276] Trial 96 finished with values: [36512.790325598806, 39347.2001953125] and parameters: {'batch_size': 150, 'drug_hidden': 64, 'protein_hidden': 16, 'dropout': 0.3, 'is_attention': True, 'lr': 0.01, 'epochs': 100}. 
[I 2023-12-27 15:29:30,819] Trial 97 finished with values: [37675.16665886976, 40968.333251953125] and parameters: {'batch_size': 150, 'drug_hidden': 16, 'protein_hidden': 64, 'dropout': 0.2, 'is_attention': True, 'lr': 0.001, 'epochs': 10}. 
[I 2023-12-27 15:51:19,704] Trial 98 finished with values: [36821.64124023438, 40888.80035486355] and parameters: {'batch_size': 50, 'drug_hidden': 32, 'protein_hidden': 16, 'dropout': 0.3, 'is_attention': False, 'lr': 0.0001, 'epochs': 100}. 
[I 2023-12-27 16:00:40,798] Trial 99 finished with values: [38506.8864765625, 41232.0995818662] and parameters: {'batch_size': 50, 'drug_hidden': 64, 'protein_hidden': 32, 'dropout': 0.2, 'is_attention': False, 'lr': 0.01, 'epochs': 10}. 
[I 2023-12-27 16:25:05,631] Trial 100 finished with values: [37561.97181445312, 41105.9521209287] and parameters: {'batch_size': 50, 'drug_hidden': 16, 'protein_hidden': 32, 'dropout': 0.1, 'is_attention': True, 'lr': 0.0001, 'epochs': 100}. 
[I 2023-12-27 16:35:19,652] Trial 101 finished with values: [37199.431126029194, 42043.543782552086] and parameters: {'batch_size': 150, 'drug_hidden': 64, 'protein_hidden': 16, 'dropout': 0.2, 'is_attention': True, 'lr': 0.01, 'epochs': 50}. 
[I 2023-12-27 17:02:46,331] Trial 102 finished with values: [43377.8904609375, 47823.84207196303] and parameters: {'batch_size': 50, 'drug_hidden': 16, 'protein_hidden': 64, 'dropout': 0.3, 'is_attention': True, 'lr': 0.0001, 'epochs': 100}. 
[I 2023-12-27 17:12:51,786] Trial 103 finished with values: [36269.40444891467, 39308.906412760414] and parameters: {'batch_size': 150, 'drug_hidden': 32, 'protein_hidden': 16, 'dropout': 0.3, 'is_attention': False, 'lr': 0.0001, 'epochs': 50}. 
[I 2023-12-27 17:40:12,558] Trial 104 finished with values: [35997.94029296875, 39266.44814590669] and parameters: {'batch_size': 50, 'drug_hidden': 64, 'protein_hidden': 64, 'dropout': 0.1, 'is_attention': True, 'lr': 0.001, 'epochs': 100}. 
[I 2023-12-27 18:06:06,474] Trial 105 finished with values: [35766.7420390625, 38929.33230251736] and parameters: {'batch_size': 100, 'drug_hidden': 16, 'protein_hidden': 64, 'dropout': 0.1, 'is_attention': True, 'lr': 0.01, 'epochs': 100}. 
[I 2023-12-27 18:34:04,147] Trial 106 finished with values: [36792.5384140625, 40379.64501265405] and parameters: {'batch_size': 50, 'drug_hidden': 64, 'protein_hidden': 64, 'dropout': 0.2, 'is_attention': False, 'lr': 0.01, 'epochs': 100}. 
[I 2023-12-27 19:03:52,135] Trial 107 finished with values: [35728.67888476563, 39187.30754841549] and parameters: {'batch_size': 50, 'drug_hidden': 16, 'protein_hidden': 32, 'dropout': 0.2, 'is_attention': False, 'lr': 0.0001, 'epochs': 100}. 
[I 2023-12-27 19:26:37,444] Trial 108 finished with values: [35547.6159453125, 38788.352376302086] and parameters: {'batch_size': 100, 'drug_hidden': 32, 'protein_hidden': 32, 'dropout': 0.1, 'is_attention': False, 'lr': 0.01, 'epochs': 100}. 
[I 2023-12-27 19:50:51,361] Trial 109 finished with values: [37122.07227148437, 40627.71214788732] and parameters: {'batch_size': 50, 'drug_hidden': 64, 'protein_hidden': 32, 'dropout': 0.3, 'is_attention': False, 'lr': 0.0001, 'epochs': 100}. 
[I 2023-12-27 20:03:56,448] Trial 110 finished with values: [36260.755356474554, 39446.719970703125] and parameters: {'batch_size': 150, 'drug_hidden': 32, 'protein_hidden': 64, 'dropout': 0.1, 'is_attention': False, 'lr': 0.001, 'epochs': 50}. 
[I 2023-12-27 20:24:32,450] Trial 111 finished with values: [38911.984819423655, 41458.56941731771] and parameters: {'batch_size': 150, 'drug_hidden': 32, 'protein_hidden': 16, 'dropout': 0.1, 'is_attention': True, 'lr': 0.001, 'epochs': 100}. 
[I 2023-12-27 20:36:53,829] Trial 112 finished with values: [36517.752724609374, 39820.63079060299] and parameters: {'batch_size': 50, 'drug_hidden': 32, 'protein_hidden': 32, 'dropout': 0.1, 'is_attention': False, 'lr': 0.0001, 'epochs': 50}. 
[I 2023-12-27 21:01:23,789] Trial 113 finished with values: [36851.05259765625, 40134.71745708627] and parameters: {'batch_size': 50, 'drug_hidden': 64, 'protein_hidden': 32, 'dropout': 0.3, 'is_attention': True, 'lr': 0.001, 'epochs': 100}. 
[I 2023-12-27 21:22:28,441] Trial 114 finished with values: [36133.685234375, 39092.73931206597] and parameters: {'batch_size': 100, 'drug_hidden': 64, 'protein_hidden': 16, 'dropout': 0.1, 'is_attention': False, 'lr': 0.01, 'epochs': 100}. 
[I 2023-12-27 21:41:31,993] Trial 115 finished with values: [37842.858548828124, 40966.249353543135] and parameters: {'batch_size': 50, 'drug_hidden': 16, 'protein_hidden': 64, 'dropout': 0.3, 'is_attention': False, 'lr': 0.001, 'epochs': 50}. 
[I 2023-12-27 22:01:40,321] Trial 116 finished with values: [35019.484889595806, 38354.12736002604] and parameters: {'batch_size': 150, 'drug_hidden': 64, 'protein_hidden': 16, 'dropout': 0.3, 'is_attention': False, 'lr': 0.01, 'epochs': 100}. 
[I 2023-12-27 22:27:46,308] Trial 117 finished with values: [40690.84540234375, 42795.36238721391] and parameters: {'batch_size': 50, 'drug_hidden': 16, 'protein_hidden': 32, 'dropout': 0.1, 'is_attention': False, 'lr': 0.001, 'epochs': 100}. 
[I 2023-12-27 22:38:52,814] Trial 118 finished with values: [37456.74909960938, 40087.11963578345] and parameters: {'batch_size': 50, 'drug_hidden': 32, 'protein_hidden': 16, 'dropout': 0.3, 'is_attention': False, 'lr': 0.001, 'epochs': 50}. 
[I 2023-12-27 23:05:07,106] Trial 119 finished with values: [35641.262203125, 39003.64653862847] and parameters: {'batch_size': 100, 'drug_hidden': 16, 'protein_hidden': 64, 'dropout': 0.1, 'is_attention': True, 'lr': 0.001, 'epochs': 100}. 
[I 2023-12-27 23:32:07,944] Trial 120 finished with values: [35725.74341551273, 39164.86368815104] and parameters: {'batch_size': 150, 'drug_hidden': 32, 'protein_hidden': 64, 'dropout': 0.2, 'is_attention': True, 'lr': 0.0001, 'epochs': 100}. 
[I 2023-12-27 23:52:33,443] Trial 121 finished with values: [38133.45920658683, 41583.472493489586] and parameters: {'batch_size': 150, 'drug_hidden': 32, 'protein_hidden': 16, 'dropout': 0.3, 'is_attention': True, 'lr': 0.001, 'epochs': 100}. 
[I 2023-12-28 00:14:53,210] Trial 122 finished with values: [36032.83875, 39609.853895399305] and parameters: {'batch_size': 100, 'drug_hidden': 64, 'protein_hidden': 32, 'dropout': 0.1, 'is_attention': False, 'lr': 0.0001, 'epochs': 100}. 
[I 2023-12-28 00:31:54,312] Trial 123 finished with values: [36950.37068945313, 40514.27866417253] and parameters: {'batch_size': 50, 'drug_hidden': 64, 'protein_hidden': 32, 'dropout': 0.3, 'is_attention': True, 'lr': 0.0001, 'epochs': 50}. 
[I 2023-12-28 00:58:00,819] Trial 124 finished with values: [35461.76615625, 38364.245496961805] and parameters: {'batch_size': 100, 'drug_hidden': 64, 'protein_hidden': 64, 'dropout': 0.1, 'is_attention': True, 'lr': 0.001, 'epochs': 100}. 
[I 2023-12-28 01:25:40,639] Trial 125 finished with values: [35666.979030220806, 39258.141357421875] and parameters: {'batch_size': 150, 'drug_hidden': 32, 'protein_hidden': 64, 'dropout': 0.2, 'is_attention': True, 'lr': 0.001, 'epochs': 100}. 
[I 2023-12-28 01:46:04,796] Trial 126 finished with values: [35756.0168671875, 38747.018174913195] and parameters: {'batch_size': 100, 'drug_hidden': 32, 'protein_hidden': 16, 'dropout': 0.1, 'is_attention': False, 'lr': 0.01, 'epochs': 100}. 
[I 2023-12-28 02:07:47,318] Trial 127 finished with values: [36275.88164296407, 39822.916259765625] and parameters: {'batch_size': 150, 'drug_hidden': 16, 'protein_hidden': 32, 'dropout': 0.3, 'is_attention': False, 'lr': 0.001, 'epochs': 100}. 
[I 2023-12-28 02:33:12,707] Trial 128 finished with values: [36785.70806044162, 40304.01953125] and parameters: {'batch_size': 150, 'drug_hidden': 64, 'protein_hidden': 64, 'dropout': 0.3, 'is_attention': True, 'lr': 0.0001, 'epochs': 100}. 
[I 2023-12-28 02:58:42,725] Trial 129 finished with values: [35555.63971276198, 39227.79239908854] and parameters: {'batch_size': 150, 'drug_hidden': 16, 'protein_hidden': 64, 'dropout': 0.3, 'is_attention': True, 'lr': 0.001, 'epochs': 100}. 
[I 2023-12-28 03:14:21,596] Trial 130 finished with values: [36909.52653710938, 40942.41149042694] and parameters: {'batch_size': 50, 'drug_hidden': 32, 'protein_hidden': 64, 'dropout': 0.2, 'is_attention': False, 'lr': 0.001, 'epochs': 50}. 
[I 2023-12-28 03:41:45,621] Trial 131 finished with values: [35113.0537578125, 38268.772135416664] and parameters: {'batch_size': 100, 'drug_hidden': 64, 'protein_hidden': 64, 'dropout': 0.2, 'is_attention': False, 'lr': 0.0001, 'epochs': 100}. 
[I 2023-12-28 03:58:49,764] Trial 132 finished with values: [36360.99432226562, 39673.093488666374] and parameters: {'batch_size': 50, 'drug_hidden': 64, 'protein_hidden': 64, 'dropout': 0.3, 'is_attention': True, 'lr': 0.0001, 'epochs': 50}. 
[I 2023-12-28 04:21:18,643] Trial 133 finished with values: [39633.51652148437, 43637.25910541373] and parameters: {'batch_size': 50, 'drug_hidden': 32, 'protein_hidden': 16, 'dropout': 0.2, 'is_attention': True, 'lr': 0.0001, 'epochs': 100}. 
[I 2023-12-28 04:33:31,191] Trial 134 finished with values: [37298.089724609374, 40874.2216521787] and parameters: {'batch_size': 50, 'drug_hidden': 64, 'protein_hidden': 32, 'dropout': 0.1, 'is_attention': True, 'lr': 0.0001, 'epochs': 50}. 
[I 2023-12-28 04:57:29,592] Trial 135 finished with values: [40960.63927734375, 45131.825415382926] and parameters: {'batch_size': 50, 'drug_hidden': 64, 'protein_hidden': 32, 'dropout': 0.3, 'is_attention': True, 'lr': 0.0001, 'epochs': 100}. 
[I 2023-12-28 05:21:26,444] Trial 136 finished with values: [36840.12194335937, 41770.140955105635] and parameters: {'batch_size': 50, 'drug_hidden': 64, 'protein_hidden': 32, 'dropout': 0.1, 'is_attention': False, 'lr': 0.01, 'epochs': 100}. 
[I 2023-12-28 05:45:04,494] Trial 137 finished with values: [36701.91905078125, 39796.982366857395] and parameters: {'batch_size': 50, 'drug_hidden': 16, 'protein_hidden': 32, 'dropout': 0.2, 'is_attention': False, 'lr': 0.001, 'epochs': 100}. 
[I 2023-12-28 06:11:24,015] Trial 138 finished with values: [35816.95250514596, 39478.458658854164] and parameters: {'batch_size': 150, 'drug_hidden': 32, 'protein_hidden': 64, 'dropout': 0.1, 'is_attention': True, 'lr': 0.001, 'epochs': 100}. 
[I 2023-12-28 06:34:03,976] Trial 139 finished with values: [37236.32981640625, 40591.72708516725] and parameters: {'batch_size': 50, 'drug_hidden': 32, 'protein_hidden': 16, 'dropout': 0.2, 'is_attention': True, 'lr': 0.0001, 'epochs': 100}. 
[I 2023-12-28 07:00:41,619] Trial 140 finished with values: [36242.73233203125, 39304.986135563384] and parameters: {'batch_size': 50, 'drug_hidden': 32, 'protein_hidden': 32, 'dropout': 0.1, 'is_attention': True, 'lr': 0.0001, 'epochs': 100}. 
[I 2023-12-28 07:26:54,305] Trial 141 finished with values: [35816.75090054266, 39552.48974609375] and parameters: {'batch_size': 150, 'drug_hidden': 16, 'protein_hidden': 64, 'dropout': 0.1, 'is_attention': True, 'lr': 0.01, 'epochs': 100}. 
[I 2023-12-28 07:56:46,086] Trial 142 finished with values: [37973.12196875, 45274.61435409331] and parameters: {'batch_size': 50, 'drug_hidden': 16, 'protein_hidden': 64, 'dropout': 0.3, 'is_attention': True, 'lr': 0.0001, 'epochs': 100}. 
[I 2023-12-28 08:27:30,585] Trial 143 finished with values: [35496.7481171875, 38439.33517795139] and parameters: {'batch_size': 100, 'drug_hidden': 16, 'protein_hidden': 64, 'dropout': 0.3, 'is_attention': False, 'lr': 0.001, 'epochs': 100}. 
[I 2023-12-28 08:40:49,408] Trial 144 finished with values: [35680.0351875, 38895.08648003472] and parameters: {'batch_size': 100, 'drug_hidden': 64, 'protein_hidden': 64, 'dropout': 0.1, 'is_attention': True, 'lr': 0.001, 'epochs': 50}. 
[I 2023-12-28 08:45:28,428] Trial 145 finished with values: [39514.798278443115, 43530.50146484375] and parameters: {'batch_size': 150, 'drug_hidden': 16, 'protein_hidden': 16, 'dropout': 0.1, 'is_attention': True, 'lr': 0.001, 'epochs': 10}. 
[I 2023-12-28 08:56:28,471] Trial 146 finished with values: [38985.6953709768, 41465.60400390625] and parameters: {'batch_size': 150, 'drug_hidden': 64, 'protein_hidden': 16, 'dropout': 0.2, 'is_attention': True, 'lr': 0.0001, 'epochs': 50}. 
[I 2023-12-28 09:17:03,201] Trial 147 finished with values: [36655.78284056886, 40471.869384765625] and parameters: {'batch_size': 150, 'drug_hidden': 64, 'protein_hidden': 16, 'dropout': 0.3, 'is_attention': True, 'lr': 0.0001, 'epochs': 100}. 
[I 2023-12-28 09:43:10,235] Trial 148 finished with values: [36071.526265625, 39758.780870225695] and parameters: {'batch_size': 100, 'drug_hidden': 16, 'protein_hidden': 64, 'dropout': 0.1, 'is_attention': False, 'lr': 0.0001, 'epochs': 100}. 
[I 2023-12-28 09:56:07,179] Trial 149 finished with values: [35833.992573446856, 39800.32820638021] and parameters: {'batch_size': 150, 'drug_hidden': 32, 'protein_hidden': 64, 'dropout': 0.3, 'is_attention': False, 'lr': 0.01, 'epochs': 50}. 
[I 2023-12-28 10:18:29,515] Trial 150 finished with values: [37929.387671875, 41322.87725572183] and parameters: {'batch_size': 50, 'drug_hidden': 32, 'protein_hidden': 16, 'dropout': 0.1, 'is_attention': True, 'lr': 0.0001, 'epochs': 100}. 
[I 2023-12-28 10:40:41,756] Trial 151 finished with values: [39684.10847265625, 41394.49346665933] and parameters: {'batch_size': 50, 'drug_hidden': 64, 'protein_hidden': 16, 'dropout': 0.3, 'is_attention': True, 'lr': 0.001, 'epochs': 100}. 
[I 2023-12-28 11:03:04,699] Trial 152 finished with values: [35674.694610778446, 39127.254069010414] and parameters: {'batch_size': 150, 'drug_hidden': 16, 'protein_hidden': 32, 'dropout': 0.1, 'is_attention': False, 'lr': 0.001, 'epochs': 100}. 
[I 2023-12-28 11:29:18,788] Trial 153 finished with values: [37840.6841796875, 41108.66840277778] and parameters: {'batch_size': 100, 'drug_hidden': 64, 'protein_hidden': 64, 'dropout': 0.2, 'is_attention': True, 'lr': 0.0001, 'epochs': 100}. 
[I 2023-12-28 11:46:00,632] Trial 154 finished with values: [36571.6071171875, 39867.839952256945] and parameters: {'batch_size': 100, 'drug_hidden': 64, 'protein_hidden': 32, 'dropout': 0.2, 'is_attention': False, 'lr': 0.001, 'epochs': 50}. 
[I 2023-12-28 11:56:44,670] Trial 155 finished with values: [36097.33159375, 38889.51459418403] and parameters: {'batch_size': 100, 'drug_hidden': 32, 'protein_hidden': 16, 'dropout': 0.3, 'is_attention': False, 'lr': 0.0001, 'epochs': 50}. 
[I 2023-12-28 12:17:11,056] Trial 156 finished with values: [35812.34439324476, 38744.64168294271] and parameters: {'batch_size': 150, 'drug_hidden': 32, 'protein_hidden': 16, 'dropout': 0.1, 'is_attention': False, 'lr': 0.01, 'epochs': 100}. 
[I 2023-12-28 12:37:28,010] Trial 157 finished with values: [35406.04362369012, 38744.523763020836] and parameters: {'batch_size': 150, 'drug_hidden': 32, 'protein_hidden': 16, 'dropout': 0.1, 'is_attention': False, 'lr': 0.001, 'epochs': 100}. 
[I 2023-12-28 12:39:50,455] Trial 158 finished with values: [38565.12578125, 41617.90261501736] and parameters: {'batch_size': 100, 'drug_hidden': 64, 'protein_hidden': 16, 'dropout': 0.3, 'is_attention': False, 'lr': 0.001, 'epochs': 10}. 
[I 2023-12-28 13:05:32,100] Trial 159 finished with values: [34933.90509215943, 39010.48974609375] and parameters: {'batch_size': 150, 'drug_hidden': 32, 'protein_hidden': 64, 'dropout': 0.1, 'is_attention': True, 'lr': 0.001, 'epochs': 100}. 
[I 2023-12-28 13:18:26,072] Trial 160 finished with values: [36675.24814043788, 39957.280924479164] and parameters: {'batch_size': 150, 'drug_hidden': 32, 'protein_hidden': 64, 'dropout': 0.1, 'is_attention': False, 'lr': 0.001, 'epochs': 50}. 
[I 2023-12-28 13:44:00,086] Trial 161 finished with values: [35593.002350767216, 39281.04060872396] and parameters: {'batch_size': 150, 'drug_hidden': 16, 'protein_hidden': 64, 'dropout': 0.3, 'is_attention': True, 'lr': 0.001, 'epochs': 100}. 
[I 2023-12-28 14:05:14,522] Trial 162 finished with values: [38883.9147265625, 42796.56423611111] and parameters: {'batch_size': 100, 'drug_hidden': 32, 'protein_hidden': 16, 'dropout': 0.2, 'is_attention': True, 'lr': 0.001, 'epochs': 100}. 
[I 2023-12-28 14:30:43,146] Trial 163 finished with values: [36021.82523624626, 39331.553059895836] and parameters: {'batch_size': 150, 'drug_hidden': 32, 'protein_hidden': 64, 'dropout': 0.2, 'is_attention': True, 'lr': 0.0001, 'epochs': 100}. 
[I 2023-12-28 14:57:23,611] Trial 164 finished with values: [36711.81010546875, 40467.13173965669] and parameters: {'batch_size': 50, 'drug_hidden': 16, 'protein_hidden': 16, 'dropout': 0.2, 'is_attention': False, 'lr': 0.01, 'epochs': 100}. 
[I 2023-12-28 15:25:02,310] Trial 165 finished with values: [36107.57898046875, 39389.838220730635] and parameters: {'batch_size': 50, 'drug_hidden': 64, 'protein_hidden': 64, 'dropout': 0.1, 'is_attention': False, 'lr': 0.001, 'epochs': 100}. 
[I 2023-12-28 15:45:05,989] Trial 166 finished with values: [36298.87525729791, 40059.1513671875] and parameters: {'batch_size': 150, 'drug_hidden': 64, 'protein_hidden': 16, 'dropout': 0.3, 'is_attention': False, 'lr': 0.001, 'epochs': 100}. 
[I 2023-12-28 15:58:08,775] Trial 167 finished with values: [36155.15249578967, 39307.179036458336] and parameters: {'batch_size': 150, 'drug_hidden': 64, 'protein_hidden': 64, 'dropout': 0.1, 'is_attention': True, 'lr': 0.001, 'epochs': 50}. 
[I 2023-12-28 16:20:00,071] Trial 168 finished with values: [36031.78790465943, 40038.757568359375] and parameters: {'batch_size': 150, 'drug_hidden': 32, 'protein_hidden': 32, 'dropout': 0.3, 'is_attention': True, 'lr': 0.0001, 'epochs': 100}. 
[I 2023-12-28 16:45:30,414] Trial 169 finished with values: [36834.18173418788, 40526.706705729164] and parameters: {'batch_size': 150, 'drug_hidden': 16, 'protein_hidden': 64, 'dropout': 0.1, 'is_attention': False, 'lr': 0.0001, 'epochs': 100}. 
[I 2023-12-28 17:09:51,749] Trial 170 finished with values: [36084.6790703125, 39426.57280815972] and parameters: {'batch_size': 100, 'drug_hidden': 64, 'protein_hidden': 32, 'dropout': 0.3, 'is_attention': False, 'lr': 0.01, 'epochs': 100}. 
[I 2023-12-28 17:36:01,310] Trial 171 finished with values: [36550.75346484375, 39792.95990668403] and parameters: {'batch_size': 100, 'drug_hidden': 32, 'protein_hidden': 64, 'dropout': 0.1, 'is_attention': True, 'lr': 0.01, 'epochs': 100}. 
[I 2023-12-28 18:29:59,564] Trial 172 finished with values: [35883.548114708086, 39326.176025390625] and parameters: {'batch_size': 150, 'drug_hidden': 32, 'protein_hidden': 64, 'dropout': 0.3, 'is_attention': True, 'lr': 0.0001, 'epochs': 100}. 
[I 2023-12-28 18:50:18,636] Trial 173 finished with values: [35517.85145724177, 38620.15584309896] and parameters: {'batch_size': 150, 'drug_hidden': 16, 'protein_hidden': 16, 'dropout': 0.1, 'is_attention': True, 'lr': 0.001, 'epochs': 100}. 
[I 2023-12-28 19:16:27,928] Trial 174 finished with values: [36097.03790625, 39260.026963975695] and parameters: {'batch_size': 100, 'drug_hidden': 16, 'protein_hidden': 64, 'dropout': 0.1, 'is_attention': True, 'lr': 0.001, 'epochs': 100}. 
[I 2023-12-28 19:44:18,597] Trial 175 finished with values: [36830.234828125, 39129.98755226673] and parameters: {'batch_size': 50, 'drug_hidden': 16, 'protein_hidden': 64, 'dropout': 0.1, 'is_attention': True, 'lr': 0.001, 'epochs': 100}. 
[I 2023-12-28 20:10:34,977] Trial 176 finished with values: [35454.4313248503, 39087.806803385414] and parameters: {'batch_size': 150, 'drug_hidden': 32, 'protein_hidden': 64, 'dropout': 0.2, 'is_attention': True, 'lr': 0.0001, 'epochs': 100}. 
[I 2023-12-28 20:34:13,499] Trial 177 finished with values: [36114.22437109375, 40307.34353298611] and parameters: {'batch_size': 100, 'drug_hidden': 16, 'protein_hidden': 32, 'dropout': 0.1, 'is_attention': True, 'lr': 0.001, 'epochs': 100}. 
[I 2023-12-28 20:40:04,108] Trial 178 finished with values: [38368.66911489521, 41254.914794921875] and parameters: {'batch_size': 150, 'drug_hidden': 32, 'protein_hidden': 64, 'dropout': 0.2, 'is_attention': True, 'lr': 0.0001, 'epochs': 10}. 
[I 2023-12-28 21:06:29,145] Trial 179 finished with values: [38024.09697791916, 41876.989095052086] and parameters: {'batch_size': 150, 'drug_hidden': 16, 'protein_hidden': 64, 'dropout': 0.1, 'is_attention': True, 'lr': 0.01, 'epochs': 100}. 
[I 2023-12-28 21:12:13,568] Trial 180 finished with values: [38229.060375, 42504.360948350695] and parameters: {'batch_size': 100, 'drug_hidden': 32, 'protein_hidden': 64, 'dropout': 0.1, 'is_attention': False, 'lr': 0.01, 'epochs': 10}. 
[I 2023-12-28 21:37:51,423] Trial 181 finished with values: [34707.21656296781, 37972.135579427086] and parameters: {'batch_size': 150, 'drug_hidden': 64, 'protein_hidden': 64, 'dropout': 0.1, 'is_attention': False, 'lr': 0.0001, 'epochs': 100}. 
