[I 2023-12-28 21:45:29,225] Trial 272 finished with values: [38313.0458107223, 42655.512369791664] and parameters: {'batch_size': 150, 'drug_hidden': 64, 'protein_hidden': 16, 'dropout': 0.3, 'is_attention': True, 'lr': 0.0001, 'epochs': 100}. 
[I 2023-12-28 22:02:14,441] Trial 273 finished with values: [38982.45625935629, 42084.24951171875] and parameters: {'batch_size': 150, 'drug_hidden': 64, 'protein_hidden': 64, 'dropout': 0.3, 'is_attention': True, 'lr': 0.01, 'epochs': 100}. 
[I 2023-12-28 22:17:48,256] Trial 274 finished with values: [39024.611924588324, 42078.702962239586] and parameters: {'batch_size': 150, 'drug_hidden': 64, 'protein_hidden': 32, 'dropout': 0.1, 'is_attention': True, 'lr': 0.0001, 'epochs': 100}. 
[I 2023-12-28 22:34:38,812] Trial 275 finished with values: [38549.38205230165, 41818.96818033854] and parameters: {'batch_size': 150, 'drug_hidden': 64, 'protein_hidden': 64, 'dropout': 0.2, 'is_attention': True, 'lr': 0.001, 'epochs': 100}. 
[I 2023-12-28 22:51:36,278] Trial 276 finished with values: [45155.168249438626, 49563.946940104164] and parameters: {'batch_size': 150, 'drug_hidden': 16, 'protein_hidden': 32, 'dropout': 0.1, 'is_attention': True, 'lr': 0.01, 'epochs': 100}. 
[I 2023-12-28 23:07:59,718] Trial 277 finished with values: [38571.336015625, 41700.223307291664] and parameters: {'batch_size': 100, 'drug_hidden': 64, 'protein_hidden': 32, 'dropout': 0.2, 'is_attention': True, 'lr': 0.0001, 'epochs': 100}. 
[I 2023-12-28 23:23:35,410] Trial 278 finished with values: [38750.5201796875, 41349.96625434028] and parameters: {'batch_size': 100, 'drug_hidden': 64, 'protein_hidden': 16, 'dropout': 0.2, 'is_attention': False, 'lr': 0.001, 'epochs': 100}. 
[I 2023-12-28 23:39:11,272] Trial 279 finished with values: [38855.4944609375, 41628.806315104164] and parameters: {'batch_size': 100, 'drug_hidden': 64, 'protein_hidden': 16, 'dropout': 0.3, 'is_attention': True, 'lr': 0.001, 'epochs': 100}. 
[I 2023-12-28 23:54:34,930] Trial 280 finished with values: [38699.9283659244, 41633.15568033854] and parameters: {'batch_size': 150, 'drug_hidden': 64, 'protein_hidden': 32, 'dropout': 0.2, 'is_attention': False, 'lr': 0.01, 'epochs': 100}. 
[I 2023-12-29 00:09:49,157] Trial 281 finished with values: [41970.9478971744, 46096.85050455729] and parameters: {'batch_size': 150, 'drug_hidden': 32, 'protein_hidden': 32, 'dropout': 0.1, 'is_attention': False, 'lr': 0.01, 'epochs': 100}. 
[I 2023-12-29 00:31:53,353] Trial 282 finished with values: [38453.733640625, 40939.90668402778] and parameters: {'batch_size': 100, 'drug_hidden': 64, 'protein_hidden': 64, 'dropout': 0.1, 'is_attention': False, 'lr': 0.001, 'epochs': 100}. 
[I 2023-12-29 00:47:48,008] Trial 283 finished with values: [38499.5960188997, 42998.169759114586] and parameters: {'batch_size': 150, 'drug_hidden': 64, 'protein_hidden': 32, 'dropout': 0.1, 'is_attention': False, 'lr': 0.01, 'epochs': 100}. 
[I 2023-12-29 00:50:11,768] Trial 284 finished with values: [45169.94126590569, 49293.29296875] and parameters: {'batch_size': 150, 'drug_hidden': 64, 'protein_hidden': 16, 'dropout': 0.2, 'is_attention': False, 'lr': 0.0001, 'epochs': 10}. 
[I 2023-12-29 01:07:10,733] Trial 285 finished with values: [38685.126251403446, 42659.534342447914] and parameters: {'batch_size': 150, 'drug_hidden': 64, 'protein_hidden': 64, 'dropout': 0.3, 'is_attention': False, 'lr': 0.01, 'epochs': 100}. 
[I 2023-12-29 01:16:23,903] Trial 286 finished with values: [39648.968078125, 42319.761121961805] and parameters: {'batch_size': 100, 'drug_hidden': 64, 'protein_hidden': 64, 'dropout': 0.3, 'is_attention': False, 'lr': 0.0001, 'epochs': 50}. 
[I 2023-12-29 01:33:46,950] Trial 287 finished with values: [39162.25885338698, 42721.15437825521] and parameters: {'batch_size': 150, 'drug_hidden': 32, 'protein_hidden': 16, 'dropout': 0.2, 'is_attention': False, 'lr': 0.01, 'epochs': 100}. 
[I 2023-12-29 01:49:26,817] Trial 288 finished with values: [38792.3191328125, 41643.462239583336] and parameters: {'batch_size': 100, 'drug_hidden': 64, 'protein_hidden': 16, 'dropout': 0.1, 'is_attention': False, 'lr': 0.01, 'epochs': 100}. 
[I 2023-12-29 02:06:12,469] Trial 289 finished with values: [39377.13214586452, 42885.68025716146] and parameters: {'batch_size': 150, 'drug_hidden': 32, 'protein_hidden': 64, 'dropout': 0.1, 'is_attention': False, 'lr': 0.001, 'epochs': 100}. 
[I 2023-12-29 02:23:09,250] Trial 290 finished with values: [39076.9808430015, 42692.14599609375] and parameters: {'batch_size': 150, 'drug_hidden': 64, 'protein_hidden': 64, 'dropout': 0.1, 'is_attention': True, 'lr': 0.001, 'epochs': 100}. 
[I 2023-12-29 02:39:04,463] Trial 291 finished with values: [42672.9408046875, 47077.531087239586] and parameters: {'batch_size': 100, 'drug_hidden': 32, 'protein_hidden': 16, 'dropout': 0.2, 'is_attention': True, 'lr': 0.01, 'epochs': 100}. 
[I 2023-12-29 02:40:57,110] Trial 292 finished with values: [45278.1995930015, 49170.70792643229] and parameters: {'batch_size': 150, 'drug_hidden': 64, 'protein_hidden': 16, 'dropout': 0.3, 'is_attention': False, 'lr': 0.001, 'epochs': 10}. 
[I 2023-12-29 02:56:34,044] Trial 293 finished with values: [39199.078393993266, 42189.69718424479] and parameters: {'batch_size': 150, 'drug_hidden': 64, 'protein_hidden': 32, 'dropout': 0.3, 'is_attention': True, 'lr': 0.001, 'epochs': 100}. 
[I 2023-12-29 03:17:32,358] Trial 294 finished with values: [38722.12792383982, 41700.30867513021] and parameters: {'batch_size': 150, 'drug_hidden': 64, 'protein_hidden': 64, 'dropout': 0.3, 'is_attention': False, 'lr': 0.01, 'epochs': 100}. 
[I 2023-12-29 03:35:41,849] Trial 295 finished with values: [38915.0197890625, 41729.537109375] and parameters: {'batch_size': 100, 'drug_hidden': 32, 'protein_hidden': 64, 'dropout': 0.1, 'is_attention': True, 'lr': 0.01, 'epochs': 100}. 
[I 2023-12-29 03:51:19,971] Trial 296 finished with values: [38601.017309131734, 41806.349772135414] and parameters: {'batch_size': 150, 'drug_hidden': 32, 'protein_hidden': 32, 'dropout': 0.1, 'is_attention': True, 'lr': 0.01, 'epochs': 100}. 
[I 2023-12-29 04:06:59,172] Trial 297 finished with values: [45237.301471276194, 49603.22371419271] and parameters: {'batch_size': 150, 'drug_hidden': 32, 'protein_hidden': 32, 'dropout': 0.1, 'is_attention': True, 'lr': 0.01, 'epochs': 100}. 
[I 2023-12-29 04:22:30,878] Trial 298 finished with values: [38977.02376497006, 42093.557291666664] and parameters: {'batch_size': 150, 'drug_hidden': 64, 'protein_hidden': 16, 'dropout': 0.3, 'is_attention': False, 'lr': 0.01, 'epochs': 100}. 
[I 2023-12-29 04:39:25,441] Trial 299 finished with values: [38938.55164670659, 42102.2587890625] and parameters: {'batch_size': 150, 'drug_hidden': 32, 'protein_hidden': 64, 'dropout': 0.3, 'is_attention': False, 'lr': 0.0001, 'epochs': 100}. 
[I 2023-12-29 04:48:02,111] Trial 300 finished with values: [39811.055272267964, 45112.870849609375] and parameters: {'batch_size': 150, 'drug_hidden': 64, 'protein_hidden': 64, 'dropout': 0.3, 'is_attention': True, 'lr': 0.0001, 'epochs': 50}. 
[I 2023-12-29 05:03:39,718] Trial 301 finished with values: [38837.29884375, 41359.23095703125] and parameters: {'batch_size': 100, 'drug_hidden': 64, 'protein_hidden': 16, 'dropout': 0.3, 'is_attention': False, 'lr': 0.0001, 'epochs': 100}. 
[I 2023-12-29 05:20:29,100] Trial 302 finished with values: [39045.07738819237, 42410.81306966146] and parameters: {'batch_size': 150, 'drug_hidden': 64, 'protein_hidden': 64, 'dropout': 0.1, 'is_attention': True, 'lr': 0.001, 'epochs': 100}. 
[I 2023-12-29 05:37:06,635] Trial 303 finished with values: [38291.7229720247, 42798.127685546875] and parameters: {'batch_size': 150, 'drug_hidden': 64, 'protein_hidden': 64, 'dropout': 0.2, 'is_attention': False, 'lr': 0.01, 'epochs': 100}. 
[I 2023-12-29 05:55:37,968] Trial 304 finished with values: [39881.386693359374, 43436.179247359156] and parameters: {'batch_size': 50, 'drug_hidden': 64, 'protein_hidden': 16, 'dropout': 0.1, 'is_attention': True, 'lr': 0.001, 'epochs': 100}. 
[I 2023-12-29 06:14:27,782] Trial 305 finished with values: [39510.63450832709, 42533.6337890625] and parameters: {'batch_size': 150, 'drug_hidden': 16, 'protein_hidden': 32, 'dropout': 0.2, 'is_attention': True, 'lr': 0.01, 'epochs': 100}. 
[I 2023-12-29 06:30:09,357] Trial 306 finished with values: [38619.839258982036, 41267.609130859375] and parameters: {'batch_size': 150, 'drug_hidden': 64, 'protein_hidden': 16, 'dropout': 0.1, 'is_attention': False, 'lr': 0.01, 'epochs': 100}. 
[I 2023-12-29 06:47:01,779] Trial 307 finished with values: [39113.087200598806, 42535.19913736979] and parameters: {'batch_size': 150, 'drug_hidden': 64, 'protein_hidden': 64, 'dropout': 0.1, 'is_attention': True, 'lr': 0.01, 'epochs': 100}. 
[I 2023-12-29 07:02:19,530] Trial 308 finished with values: [39781.984796032935, 42793.446940104164] and parameters: {'batch_size': 150, 'drug_hidden': 32, 'protein_hidden': 16, 'dropout': 0.2, 'is_attention': True, 'lr': 0.001, 'epochs': 100}. 
[I 2023-12-29 07:19:48,064] Trial 309 finished with values: [38831.2823984375, 41547.86008029514] and parameters: {'batch_size': 100, 'drug_hidden': 64, 'protein_hidden': 64, 'dropout': 0.1, 'is_attention': True, 'lr': 0.01, 'epochs': 100}. 
[I 2023-12-29 07:35:28,543] Trial 310 finished with values: [39151.8422421875, 41836.99951171875] and parameters: {'batch_size': 100, 'drug_hidden': 64, 'protein_hidden': 16, 'dropout': 0.3, 'is_attention': False, 'lr': 0.01, 'epochs': 100}. 
[I 2023-12-29 07:51:11,662] Trial 311 finished with values: [39136.5211328125, 41995.92019314236] and parameters: {'batch_size': 100, 'drug_hidden': 64, 'protein_hidden': 16, 'dropout': 0.3, 'is_attention': False, 'lr': 0.01, 'epochs': 100}. 
[I 2023-12-29 08:07:22,127] Trial 312 finished with values: [38707.51525, 41461.90185546875] and parameters: {'batch_size': 100, 'drug_hidden': 64, 'protein_hidden': 32, 'dropout': 0.1, 'is_attention': False, 'lr': 0.01, 'epochs': 100}. 
[I 2023-12-29 08:23:32,818] Trial 313 finished with values: [39587.750984375, 42621.30560980903] and parameters: {'batch_size': 100, 'drug_hidden': 64, 'protein_hidden': 32, 'dropout': 0.3, 'is_attention': False, 'lr': 0.001, 'epochs': 100}. 
[I 2023-12-29 08:40:20,215] Trial 314 finished with values: [39108.4185859375, 41875.547471788195] and parameters: {'batch_size': 100, 'drug_hidden': 64, 'protein_hidden': 32, 'dropout': 0.2, 'is_attention': False, 'lr': 0.01, 'epochs': 100}. 
[I 2023-12-29 09:00:39,319] Trial 315 finished with values: [38840.53924962575, 42074.538330078125] and parameters: {'batch_size': 150, 'drug_hidden': 64, 'protein_hidden': 64, 'dropout': 0.3, 'is_attention': False, 'lr': 0.001, 'epochs': 100}. 
[I 2023-12-29 09:09:49,216] Trial 316 finished with values: [39271.92738351422, 44209.026123046875] and parameters: {'batch_size': 150, 'drug_hidden': 64, 'protein_hidden': 64, 'dropout': 0.3, 'is_attention': False, 'lr': 0.0001, 'epochs': 50}. 
[I 2023-12-29 09:11:40,329] Trial 317 finished with values: [45651.12219311377, 49552.637858072914] and parameters: {'batch_size': 150, 'drug_hidden': 16, 'protein_hidden': 16, 'dropout': 0.1, 'is_attention': False, 'lr': 0.0001, 'epochs': 10}. 
[I 2023-12-29 09:27:44,650] Trial 318 finished with values: [38684.0148515625, 41378.51589626736] and parameters: {'batch_size': 100, 'drug_hidden': 64, 'protein_hidden': 32, 'dropout': 0.2, 'is_attention': False, 'lr': 0.001, 'epochs': 100}. 
[I 2023-12-29 09:45:17,840] Trial 319 finished with values: [39026.3521796875, 41973.733289930555] and parameters: {'batch_size': 100, 'drug_hidden': 64, 'protein_hidden': 64, 'dropout': 0.3, 'is_attention': False, 'lr': 0.001, 'epochs': 100}. 
[I 2023-12-29 10:01:26,809] Trial 320 finished with values: [39171.30448867889, 42614.62646484375] and parameters: {'batch_size': 150, 'drug_hidden': 16, 'protein_hidden': 16, 'dropout': 0.1, 'is_attention': True, 'lr': 0.0001, 'epochs': 100}. 
[I 2023-12-29 10:16:49,836] Trial 321 finished with values: [39133.78121491392, 42351.427978515625] and parameters: {'batch_size': 150, 'drug_hidden': 64, 'protein_hidden': 32, 'dropout': 0.3, 'is_attention': False, 'lr': 0.01, 'epochs': 100}. 
[I 2023-12-29 10:33:42,821] Trial 322 finished with values: [44830.49817552395, 49539.9130859375] and parameters: {'batch_size': 150, 'drug_hidden': 16, 'protein_hidden': 64, 'dropout': 0.2, 'is_attention': True, 'lr': 0.001, 'epochs': 100}. 
[I 2023-12-29 10:48:50,808] Trial 323 finished with values: [40310.87910507111, 43067.71484375] and parameters: {'batch_size': 150, 'drug_hidden': 32, 'protein_hidden': 16, 'dropout': 0.1, 'is_attention': True, 'lr': 0.0001, 'epochs': 100}. 
[I 2023-12-29 11:05:44,724] Trial 324 finished with values: [38613.78882859281, 41434.70320638021] and parameters: {'batch_size': 150, 'drug_hidden': 64, 'protein_hidden': 64, 'dropout': 0.1, 'is_attention': True, 'lr': 0.01, 'epochs': 100}. 
[I 2023-12-29 11:21:13,231] Trial 325 finished with values: [39568.75274840943, 43378.716796875] and parameters: {'batch_size': 150, 'drug_hidden': 64, 'protein_hidden': 16, 'dropout': 0.1, 'is_attention': False, 'lr': 0.01, 'epochs': 100}. 
[I 2023-12-29 11:36:18,488] Trial 326 finished with values: [38498.683313061374, 41337.006184895836] and parameters: {'batch_size': 150, 'drug_hidden': 64, 'protein_hidden': 16, 'dropout': 0.2, 'is_attention': False, 'lr': 0.0001, 'epochs': 100}. 
[I 2023-12-29 11:56:55,562] Trial 327 finished with values: [38673.6074140625, 41226.35622829861] and parameters: {'batch_size': 100, 'drug_hidden': 64, 'protein_hidden': 64, 'dropout': 0.1, 'is_attention': False, 'lr': 0.001, 'epochs': 100}. 
[I 2023-12-29 12:14:21,524] Trial 328 finished with values: [38168.22168553518, 42661.1982421875] and parameters: {'batch_size': 150, 'drug_hidden': 64, 'protein_hidden': 64, 'dropout': 0.1, 'is_attention': False, 'lr': 0.001, 'epochs': 100}. 
[I 2023-12-29 12:30:31,996] Trial 329 finished with values: [41742.28033776198, 45694.58162434896] and parameters: {'batch_size': 150, 'drug_hidden': 32, 'protein_hidden': 32, 'dropout': 0.3, 'is_attention': True, 'lr': 0.01, 'epochs': 100}. 
[I 2023-12-29 12:49:22,699] Trial 330 finished with values: [39391.389385291914, 42914.408854166664] and parameters: {'batch_size': 150, 'drug_hidden': 32, 'protein_hidden': 64, 'dropout': 0.3, 'is_attention': False, 'lr': 0.0001, 'epochs': 100}. 
[I 2023-12-29 13:05:15,170] Trial 331 finished with values: [39165.2949296875, 42040.24028862847] and parameters: {'batch_size': 100, 'drug_hidden': 64, 'protein_hidden': 16, 'dropout': 0.1, 'is_attention': False, 'lr': 0.01, 'epochs': 100}. 
[I 2023-12-29 13:20:28,511] Trial 332 finished with values: [38931.95300804641, 42363.314290364586] and parameters: {'batch_size': 150, 'drug_hidden': 32, 'protein_hidden': 16, 'dropout': 0.1, 'is_attention': False, 'lr': 0.0001, 'epochs': 100}. 
[I 2023-12-29 13:35:34,282] Trial 333 finished with values: [38348.89422717066, 41236.25724283854] and parameters: {'batch_size': 150, 'drug_hidden': 64, 'protein_hidden': 16, 'dropout': 0.3, 'is_attention': False, 'lr': 0.01, 'epochs': 100}. 
[I 2023-12-29 13:52:50,643] Trial 334 finished with values: [39804.72255859375, 43756.09872909331] and parameters: {'batch_size': 50, 'drug_hidden': 32, 'protein_hidden': 16, 'dropout': 0.2, 'is_attention': False, 'lr': 0.001, 'epochs': 100}. 
[I 2023-12-29 14:10:57,604] Trial 335 finished with values: [39025.139515625, 41628.384657118055] and parameters: {'batch_size': 100, 'drug_hidden': 64, 'protein_hidden': 64, 'dropout': 0.1, 'is_attention': True, 'lr': 0.01, 'epochs': 100}. 
[I 2023-12-29 14:27:54,713] Trial 336 finished with values: [38581.34996023578, 41594.416259765625] and parameters: {'batch_size': 150, 'drug_hidden': 64, 'protein_hidden': 64, 'dropout': 0.3, 'is_attention': True, 'lr': 0.001, 'epochs': 100}. 
[I 2023-12-29 14:49:27,690] Trial 337 finished with values: [39038.873625, 41766.65842013889] and parameters: {'batch_size': 100, 'drug_hidden': 64, 'protein_hidden': 64, 'dropout': 0.2, 'is_attention': False, 'lr': 0.01, 'epochs': 100}. 
[I 2023-12-29 15:07:01,579] Trial 338 finished with values: [39332.000514595806, 42649.61238606771] and parameters: {'batch_size': 150, 'drug_hidden': 64, 'protein_hidden': 64, 'dropout': 0.1, 'is_attention': False, 'lr': 0.01, 'epochs': 100}. 
[I 2023-12-29 15:23:29,714] Trial 339 finished with values: [39276.3410078125, 42256.47064887153] and parameters: {'batch_size': 100, 'drug_hidden': 64, 'protein_hidden': 32, 'dropout': 0.2, 'is_attention': False, 'lr': 0.01, 'epochs': 100}. 
[I 2023-12-29 15:40:45,235] Trial 340 finished with values: [39672.41231989147, 42920.42586263021] and parameters: {'batch_size': 150, 'drug_hidden': 64, 'protein_hidden': 32, 'dropout': 0.2, 'is_attention': True, 'lr': 0.001, 'epochs': 100}. 
[I 2023-12-29 15:42:45,151] Trial 341 finished with values: [45500.66819096183, 49518.24503580729] and parameters: {'batch_size': 150, 'drug_hidden': 64, 'protein_hidden': 16, 'dropout': 0.3, 'is_attention': False, 'lr': 0.01, 'epochs': 10}. 
[I 2023-12-29 15:58:04,962] Trial 342 finished with values: [39411.45810722305, 42366.5869140625] and parameters: {'batch_size': 150, 'drug_hidden': 64, 'protein_hidden': 16, 'dropout': 0.2, 'is_attention': True, 'lr': 0.001, 'epochs': 100}. 
[I 2023-12-29 16:06:12,288] Trial 343 finished with values: [39851.75653125, 42368.22211371528] and parameters: {'batch_size': 100, 'drug_hidden': 64, 'protein_hidden': 16, 'dropout': 0.2, 'is_attention': False, 'lr': 0.001, 'epochs': 50}. 
[I 2023-12-29 16:21:27,978] Trial 344 finished with values: [39534.385233439374, 42973.933430989586] and parameters: {'batch_size': 150, 'drug_hidden': 64, 'protein_hidden': 16, 'dropout': 0.3, 'is_attention': True, 'lr': 0.0001, 'epochs': 100}. 
[I 2023-12-29 16:29:32,058] Trial 345 finished with values: [39655.84289623877, 42709.70694986979] and parameters: {'batch_size': 150, 'drug_hidden': 64, 'protein_hidden': 32, 'dropout': 0.3, 'is_attention': False, 'lr': 0.0001, 'epochs': 50}. 
[I 2023-12-29 16:45:17,157] Trial 346 finished with values: [38666.66678751871, 41788.17390950521] and parameters: {'batch_size': 150, 'drug_hidden': 64, 'protein_hidden': 32, 'dropout': 0.3, 'is_attention': False, 'lr': 0.001, 'epochs': 100}. 
[I 2023-12-29 17:02:51,440] Trial 347 finished with values: [38753.98317037799, 41822.33683268229] and parameters: {'batch_size': 150, 'drug_hidden': 64, 'protein_hidden': 64, 'dropout': 0.2, 'is_attention': False, 'lr': 0.001, 'epochs': 100}. 
[I 2023-12-29 17:20:19,937] Trial 348 finished with values: [39034.1077890625, 42140.14409722222] and parameters: {'batch_size': 100, 'drug_hidden': 16, 'protein_hidden': 64, 'dropout': 0.1, 'is_attention': False, 'lr': 0.001, 'epochs': 100}. 
[I 2023-12-29 17:40:38,619] Trial 349 finished with values: [39410.91331399701, 42679.843994140625] and parameters: {'batch_size': 150, 'drug_hidden': 16, 'protein_hidden': 64, 'dropout': 0.2, 'is_attention': True, 'lr': 0.001, 'epochs': 100}. 
[I 2023-12-29 17:56:51,374] Trial 350 finished with values: [38460.6748924027, 41696.608561197914] and parameters: {'batch_size': 150, 'drug_hidden': 64, 'protein_hidden': 32, 'dropout': 0.2, 'is_attention': False, 'lr': 0.0001, 'epochs': 100}. 
[I 2023-12-29 18:12:19,733] Trial 351 finished with values: [39486.53404519087, 42778.363525390625] and parameters: {'batch_size': 150, 'drug_hidden': 64, 'protein_hidden': 16, 'dropout': 0.1, 'is_attention': False, 'lr': 0.0001, 'epochs': 100}. 
[I 2023-12-29 18:31:19,226] Trial 352 finished with values: [38765.10425243263, 41650.524658203125] and parameters: {'batch_size': 150, 'drug_hidden': 32, 'protein_hidden': 64, 'dropout': 0.1, 'is_attention': False, 'lr': 0.0001, 'epochs': 100}. 
[I 2023-12-29 18:51:23,265] Trial 353 finished with values: [38876.29495696108, 41836.31892903646] and parameters: {'batch_size': 150, 'drug_hidden': 64, 'protein_hidden': 32, 'dropout': 0.3, 'is_attention': False, 'lr': 0.01, 'epochs': 100}. 
[I 2023-12-29 19:10:57,432] Trial 354 finished with values: [39307.56021875, 42029.203233506945] and parameters: {'batch_size': 100, 'drug_hidden': 64, 'protein_hidden': 64, 'dropout': 0.2, 'is_attention': True, 'lr': 0.001, 'epochs': 100}. 
[I 2023-12-29 19:22:26,233] Trial 355 finished with values: [39795.0046875, 43008.95855034722] and parameters: {'batch_size': 100, 'drug_hidden': 32, 'protein_hidden': 64, 'dropout': 0.1, 'is_attention': False, 'lr': 0.01, 'epochs': 50}. 
[I 2023-12-29 19:38:05,535] Trial 356 finished with values: [41560.82555202096, 45236.013509114586] and parameters: {'batch_size': 150, 'drug_hidden': 32, 'protein_hidden': 32, 'dropout': 0.1, 'is_attention': False, 'lr': 0.01, 'epochs': 100}. 
[I 2023-12-29 19:55:16,893] Trial 357 finished with values: [38674.61895349925, 42050.12150065104] and parameters: {'batch_size': 150, 'drug_hidden': 64, 'protein_hidden': 64, 'dropout': 0.1, 'is_attention': True, 'lr': 0.01, 'epochs': 100}. 
[I 2023-12-29 20:12:28,090] Trial 358 finished with values: [38692.016221463324, 42533.769856770836] and parameters: {'batch_size': 150, 'drug_hidden': 64, 'protein_hidden': 64, 'dropout': 0.1, 'is_attention': True, 'lr': 0.001, 'epochs': 100}. 
[I 2023-12-29 20:28:41,306] Trial 359 finished with values: [38425.6699609375, 41127.839952256945] and parameters: {'batch_size': 100, 'drug_hidden': 64, 'protein_hidden': 32, 'dropout': 0.1, 'is_attention': False, 'lr': 0.001, 'epochs': 100}. 
[I 2023-12-29 20:43:50,721] Trial 360 finished with values: [41851.763227451345, 45693.5791015625] and parameters: {'batch_size': 150, 'drug_hidden': 32, 'protein_hidden': 16, 'dropout': 0.1, 'is_attention': False, 'lr': 0.0001, 'epochs': 100}. 
[I 2023-12-29 21:00:18,000] Trial 361 finished with values: [38816.5609609375, 41518.01486545139] and parameters: {'batch_size': 100, 'drug_hidden': 64, 'protein_hidden': 32, 'dropout': 0.1, 'is_attention': True, 'lr': 0.0001, 'epochs': 100}. 
